2024-12-11 11:06:35,894 [Worker-0: Loading available Gradle versions] INFO  o.e.b.c.i.u.g.PublishedGradleVersions - Gradle version information cache is up-to-date. Trying to read.
2024-12-11 14:22:16,272 [Worker-0: Loading available Gradle versions] INFO  o.e.b.c.i.u.g.PublishedGradleVersions - Gradle version information cache is up-to-date. Trying to read.
2024-12-11 14:24:55,945 [Worker-5: Launching mavenrun-80d476b6-52b3-4b6d-b616-cb7693302189] INFO  o.eclipse.m2e.core.internal.Bundles - getClasspathEntries(Bundle=org.eclipse.m2e.maven.runtime_3.9.900.20240824-1409 [642])
2024-12-11 14:24:55,950 [Worker-5: Launching mavenrun-80d476b6-52b3-4b6d-b616-cb7693302189] INFO  o.eclipse.m2e.core.internal.Bundles - 	Entry: C:\Users\Sandeep\.p2\pool\plugins\org.eclipse.m2e.maven.runtime_3.9.900.20240824-1409
2024-12-11 14:24:55,951 [Worker-5: Launching mavenrun-80d476b6-52b3-4b6d-b616-cb7693302189] INFO  o.eclipse.m2e.core.internal.Bundles - 	Entry: C:\Users\Sandeep\.p2\pool\plugins\org.eclipse.m2e.maven.runtime_3.9.900.20240824-1409\jars\aopalliance-1.0.jar
2024-12-11 14:24:55,951 [Worker-5: Launching mavenrun-80d476b6-52b3-4b6d-b616-cb7693302189] INFO  o.eclipse.m2e.core.internal.Bundles - 	Entry: C:\Users\Sandeep\.p2\pool\plugins\org.eclipse.m2e.maven.runtime_3.9.900.20240824-1409\jars\guice-5.1.0.jar
2024-12-11 14:24:55,952 [Worker-5: Launching mavenrun-80d476b6-52b3-4b6d-b616-cb7693302189] INFO  o.eclipse.m2e.core.internal.Bundles - 	Entry: C:\Users\Sandeep\.p2\pool\plugins\org.eclipse.m2e.maven.runtime_3.9.900.20240824-1409\jars\httpclient-4.5.14.jar
2024-12-11 14:24:55,952 [Worker-5: Launching mavenrun-80d476b6-52b3-4b6d-b616-cb7693302189] INFO  o.eclipse.m2e.core.internal.Bundles - 	Entry: C:\Users\Sandeep\.p2\pool\plugins\org.eclipse.m2e.maven.runtime_3.9.900.20240824-1409\jars\httpcore-4.4.16.jar
2024-12-11 14:24:55,952 [Worker-5: Launching mavenrun-80d476b6-52b3-4b6d-b616-cb7693302189] INFO  o.eclipse.m2e.core.internal.Bundles - 	Entry: C:\Users\Sandeep\.p2\pool\plugins\org.eclipse.m2e.maven.runtime_3.9.900.20240824-1409\jars\jansi-2.4.1.jar
2024-12-11 14:24:55,953 [Worker-5: Launching mavenrun-80d476b6-52b3-4b6d-b616-cb7693302189] INFO  o.eclipse.m2e.core.internal.Bundles - 	Entry: C:\Users\Sandeep\.p2\pool\plugins\org.eclipse.m2e.maven.runtime_3.9.900.20240824-1409\jars\jcl-over-slf4j-1.7.36.jar
2024-12-11 14:24:55,953 [Worker-5: Launching mavenrun-80d476b6-52b3-4b6d-b616-cb7693302189] INFO  o.eclipse.m2e.core.internal.Bundles - 	Entry: C:\Users\Sandeep\.p2\pool\plugins\org.eclipse.m2e.maven.runtime_3.9.900.20240824-1409\jars\maven-artifact-3.9.9.jar
2024-12-11 14:24:55,953 [Worker-5: Launching mavenrun-80d476b6-52b3-4b6d-b616-cb7693302189] INFO  o.eclipse.m2e.core.internal.Bundles - 	Entry: C:\Users\Sandeep\.p2\pool\plugins\org.eclipse.m2e.maven.runtime_3.9.900.20240824-1409\jars\maven-builder-support-3.9.9.jar
2024-12-11 14:24:55,953 [Worker-5: Launching mavenrun-80d476b6-52b3-4b6d-b616-cb7693302189] INFO  o.eclipse.m2e.core.internal.Bundles - 	Entry: C:\Users\Sandeep\.p2\pool\plugins\org.eclipse.m2e.maven.runtime_3.9.900.20240824-1409\jars\maven-compat-3.9.9.jar
2024-12-11 14:24:55,954 [Worker-5: Launching mavenrun-80d476b6-52b3-4b6d-b616-cb7693302189] INFO  o.eclipse.m2e.core.internal.Bundles - 	Entry: C:\Users\Sandeep\.p2\pool\plugins\org.eclipse.m2e.maven.runtime_3.9.900.20240824-1409\jars\maven-core-3.9.9.jar
2024-12-11 14:24:55,954 [Worker-5: Launching mavenrun-80d476b6-52b3-4b6d-b616-cb7693302189] INFO  o.eclipse.m2e.core.internal.Bundles - 	Entry: C:\Users\Sandeep\.p2\pool\plugins\org.eclipse.m2e.maven.runtime_3.9.900.20240824-1409\jars\maven-embedder-3.9.9.jar
2024-12-11 14:24:55,954 [Worker-5: Launching mavenrun-80d476b6-52b3-4b6d-b616-cb7693302189] INFO  o.eclipse.m2e.core.internal.Bundles - 	Entry: C:\Users\Sandeep\.p2\pool\plugins\org.eclipse.m2e.maven.runtime_3.9.900.20240824-1409\jars\maven-model-3.9.9.jar
2024-12-11 14:24:55,955 [Worker-5: Launching mavenrun-80d476b6-52b3-4b6d-b616-cb7693302189] INFO  o.eclipse.m2e.core.internal.Bundles - 	Entry: C:\Users\Sandeep\.p2\pool\plugins\org.eclipse.m2e.maven.runtime_3.9.900.20240824-1409\jars\maven-model-builder-3.9.9.jar
2024-12-11 14:24:55,955 [Worker-5: Launching mavenrun-80d476b6-52b3-4b6d-b616-cb7693302189] INFO  o.eclipse.m2e.core.internal.Bundles - 	Entry: C:\Users\Sandeep\.p2\pool\plugins\org.eclipse.m2e.maven.runtime_3.9.900.20240824-1409\jars\maven-plugin-api-3.9.9.jar
2024-12-11 14:24:55,955 [Worker-5: Launching mavenrun-80d476b6-52b3-4b6d-b616-cb7693302189] INFO  o.eclipse.m2e.core.internal.Bundles - 	Entry: C:\Users\Sandeep\.p2\pool\plugins\org.eclipse.m2e.maven.runtime_3.9.900.20240824-1409\jars\maven-repository-metadata-3.9.9.jar
2024-12-11 14:24:55,956 [Worker-5: Launching mavenrun-80d476b6-52b3-4b6d-b616-cb7693302189] INFO  o.eclipse.m2e.core.internal.Bundles - 	Entry: C:\Users\Sandeep\.p2\pool\plugins\org.eclipse.m2e.maven.runtime_3.9.900.20240824-1409\jars\maven-resolver-api-1.9.22.jar
2024-12-11 14:24:55,956 [Worker-5: Launching mavenrun-80d476b6-52b3-4b6d-b616-cb7693302189] INFO  o.eclipse.m2e.core.internal.Bundles - 	Entry: C:\Users\Sandeep\.p2\pool\plugins\org.eclipse.m2e.maven.runtime_3.9.900.20240824-1409\jars\maven-resolver-connector-basic-1.9.22.jar
2024-12-11 14:24:55,956 [Worker-5: Launching mavenrun-80d476b6-52b3-4b6d-b616-cb7693302189] INFO  o.eclipse.m2e.core.internal.Bundles - 	Entry: C:\Users\Sandeep\.p2\pool\plugins\org.eclipse.m2e.maven.runtime_3.9.900.20240824-1409\jars\maven-resolver-impl-1.9.22.jar
2024-12-11 14:24:55,956 [Worker-5: Launching mavenrun-80d476b6-52b3-4b6d-b616-cb7693302189] INFO  o.eclipse.m2e.core.internal.Bundles - 	Entry: C:\Users\Sandeep\.p2\pool\plugins\org.eclipse.m2e.maven.runtime_3.9.900.20240824-1409\jars\maven-resolver-named-locks-1.9.22.jar
2024-12-11 14:24:55,957 [Worker-5: Launching mavenrun-80d476b6-52b3-4b6d-b616-cb7693302189] INFO  o.eclipse.m2e.core.internal.Bundles - 	Entry: C:\Users\Sandeep\.p2\pool\plugins\org.eclipse.m2e.maven.runtime_3.9.900.20240824-1409\jars\maven-resolver-provider-3.9.9.jar
2024-12-11 14:24:55,957 [Worker-5: Launching mavenrun-80d476b6-52b3-4b6d-b616-cb7693302189] INFO  o.eclipse.m2e.core.internal.Bundles - 	Entry: C:\Users\Sandeep\.p2\pool\plugins\org.eclipse.m2e.maven.runtime_3.9.900.20240824-1409\jars\maven-resolver-spi-1.9.22.jar
2024-12-11 14:24:55,957 [Worker-5: Launching mavenrun-80d476b6-52b3-4b6d-b616-cb7693302189] INFO  o.eclipse.m2e.core.internal.Bundles - 	Entry: C:\Users\Sandeep\.p2\pool\plugins\org.eclipse.m2e.maven.runtime_3.9.900.20240824-1409\jars\maven-resolver-transport-file-1.9.22.jar
2024-12-11 14:24:55,957 [Worker-5: Launching mavenrun-80d476b6-52b3-4b6d-b616-cb7693302189] INFO  o.eclipse.m2e.core.internal.Bundles - 	Entry: C:\Users\Sandeep\.p2\pool\plugins\org.eclipse.m2e.maven.runtime_3.9.900.20240824-1409\jars\maven-resolver-transport-http-1.9.22.jar
2024-12-11 14:24:55,958 [Worker-5: Launching mavenrun-80d476b6-52b3-4b6d-b616-cb7693302189] INFO  o.eclipse.m2e.core.internal.Bundles - 	Entry: C:\Users\Sandeep\.p2\pool\plugins\org.eclipse.m2e.maven.runtime_3.9.900.20240824-1409\jars\maven-resolver-transport-wagon-1.9.22.jar
2024-12-11 14:24:55,958 [Worker-5: Launching mavenrun-80d476b6-52b3-4b6d-b616-cb7693302189] INFO  o.eclipse.m2e.core.internal.Bundles - 	Entry: C:\Users\Sandeep\.p2\pool\plugins\org.eclipse.m2e.maven.runtime_3.9.900.20240824-1409\jars\maven-resolver-util-1.9.22.jar
2024-12-11 14:24:55,959 [Worker-5: Launching mavenrun-80d476b6-52b3-4b6d-b616-cb7693302189] INFO  o.eclipse.m2e.core.internal.Bundles - 	Entry: C:\Users\Sandeep\.p2\pool\plugins\org.eclipse.m2e.maven.runtime_3.9.900.20240824-1409\jars\maven-settings-3.9.9.jar
2024-12-11 14:24:55,959 [Worker-5: Launching mavenrun-80d476b6-52b3-4b6d-b616-cb7693302189] INFO  o.eclipse.m2e.core.internal.Bundles - 	Entry: C:\Users\Sandeep\.p2\pool\plugins\org.eclipse.m2e.maven.runtime_3.9.900.20240824-1409\jars\maven-settings-builder-3.9.9.jar
2024-12-11 14:24:55,959 [Worker-5: Launching mavenrun-80d476b6-52b3-4b6d-b616-cb7693302189] INFO  o.eclipse.m2e.core.internal.Bundles - 	Entry: C:\Users\Sandeep\.p2\pool\plugins\org.eclipse.m2e.maven.runtime_3.9.900.20240824-1409\jars\maven-shared-utils-3.4.2.jar
2024-12-11 14:24:55,959 [Worker-5: Launching mavenrun-80d476b6-52b3-4b6d-b616-cb7693302189] INFO  o.eclipse.m2e.core.internal.Bundles - 	Entry: C:\Users\Sandeep\.p2\pool\plugins\org.eclipse.m2e.maven.runtime_3.9.900.20240824-1409\jars\org.eclipse.sisu.inject-0.9.0.M3.jar
2024-12-11 14:24:55,960 [Worker-5: Launching mavenrun-80d476b6-52b3-4b6d-b616-cb7693302189] INFO  o.eclipse.m2e.core.internal.Bundles - 	Entry: C:\Users\Sandeep\.p2\pool\plugins\org.eclipse.m2e.maven.runtime_3.9.900.20240824-1409\jars\org.eclipse.sisu.plexus-0.9.0.M3.jar
2024-12-11 14:24:55,960 [Worker-5: Launching mavenrun-80d476b6-52b3-4b6d-b616-cb7693302189] INFO  o.eclipse.m2e.core.internal.Bundles - 	Entry: C:\Users\Sandeep\.p2\pool\plugins\org.eclipse.m2e.maven.runtime_3.9.900.20240824-1409\jars\plexus-build-api-0.0.7.jar
2024-12-11 14:24:55,960 [Worker-5: Launching mavenrun-80d476b6-52b3-4b6d-b616-cb7693302189] INFO  o.eclipse.m2e.core.internal.Bundles - 	Entry: C:\Users\Sandeep\.p2\pool\plugins\org.eclipse.m2e.maven.runtime_3.9.900.20240824-1409\jars\plexus-build-api-1.2.0.jar
2024-12-11 14:24:55,961 [Worker-5: Launching mavenrun-80d476b6-52b3-4b6d-b616-cb7693302189] INFO  o.eclipse.m2e.core.internal.Bundles - 	Entry: C:\Users\Sandeep\.p2\pool\plugins\org.eclipse.m2e.maven.runtime_3.9.900.20240824-1409\jars\plexus-cipher-2.0.jar
2024-12-11 14:24:55,961 [Worker-5: Launching mavenrun-80d476b6-52b3-4b6d-b616-cb7693302189] INFO  o.eclipse.m2e.core.internal.Bundles - 	Entry: C:\Users\Sandeep\.p2\pool\plugins\org.eclipse.m2e.maven.runtime_3.9.900.20240824-1409\jars\plexus-classworlds-2.8.0.jar
2024-12-11 14:24:55,961 [Worker-5: Launching mavenrun-80d476b6-52b3-4b6d-b616-cb7693302189] INFO  o.eclipse.m2e.core.internal.Bundles - 	Entry: C:\Users\Sandeep\.p2\pool\plugins\org.eclipse.m2e.maven.runtime_3.9.900.20240824-1409\jars\plexus-component-annotations-2.1.0.jar
2024-12-11 14:24:55,962 [Worker-5: Launching mavenrun-80d476b6-52b3-4b6d-b616-cb7693302189] INFO  o.eclipse.m2e.core.internal.Bundles - 	Entry: C:\Users\Sandeep\.p2\pool\plugins\org.eclipse.m2e.maven.runtime_3.9.900.20240824-1409\jars\plexus-interpolation-1.27.jar
2024-12-11 14:24:55,962 [Worker-5: Launching mavenrun-80d476b6-52b3-4b6d-b616-cb7693302189] INFO  o.eclipse.m2e.core.internal.Bundles - 	Entry: C:\Users\Sandeep\.p2\pool\plugins\org.eclipse.m2e.maven.runtime_3.9.900.20240824-1409\jars\plexus-sec-dispatcher-2.0.jar
2024-12-11 14:24:55,962 [Worker-5: Launching mavenrun-80d476b6-52b3-4b6d-b616-cb7693302189] INFO  o.eclipse.m2e.core.internal.Bundles - 	Entry: C:\Users\Sandeep\.p2\pool\plugins\org.eclipse.m2e.maven.runtime_3.9.900.20240824-1409\jars\plexus-utils-3.5.1.jar
2024-12-11 14:24:55,962 [Worker-5: Launching mavenrun-80d476b6-52b3-4b6d-b616-cb7693302189] INFO  o.eclipse.m2e.core.internal.Bundles - 	Entry: C:\Users\Sandeep\.p2\pool\plugins\org.eclipse.m2e.maven.runtime_3.9.900.20240824-1409\jars\plexus-xml-3.0.1.jar
2024-12-11 14:24:55,973 [Worker-5: Launching mavenrun-80d476b6-52b3-4b6d-b616-cb7693302189] INFO  o.eclipse.m2e.core.internal.Bundles - 	Entry: C:\Users\Sandeep\.p2\pool\plugins\org.eclipse.m2e.maven.runtime_3.9.900.20240824-1409\jars\wagon-file-3.5.3.jar
2024-12-11 14:24:55,974 [Worker-5: Launching mavenrun-80d476b6-52b3-4b6d-b616-cb7693302189] INFO  o.eclipse.m2e.core.internal.Bundles - 	Entry: C:\Users\Sandeep\.p2\pool\plugins\org.eclipse.m2e.maven.runtime_3.9.900.20240824-1409\jars\wagon-http-3.5.3.jar
2024-12-11 14:24:55,974 [Worker-5: Launching mavenrun-80d476b6-52b3-4b6d-b616-cb7693302189] INFO  o.eclipse.m2e.core.internal.Bundles - 	Entry: C:\Users\Sandeep\.p2\pool\plugins\org.eclipse.m2e.maven.runtime_3.9.900.20240824-1409\jars\wagon-http-shared-3.5.3.jar
2024-12-11 14:24:55,977 [Worker-5: Launching mavenrun-80d476b6-52b3-4b6d-b616-cb7693302189] INFO  o.eclipse.m2e.core.internal.Bundles - 	Entry: C:\Users\Sandeep\.p2\pool\plugins\org.eclipse.m2e.maven.runtime_3.9.900.20240824-1409\jars\wagon-provider-api-3.5.3.jar
2024-12-11 14:24:55,980 [Worker-5: Launching mavenrun-80d476b6-52b3-4b6d-b616-cb7693302189] INFO  o.eclipse.m2e.core.internal.Bundles - getClasspathEntries(Bundle=com.google.guava_33.3.1.jre [1028])
2024-12-11 14:24:55,981 [Worker-5: Launching mavenrun-80d476b6-52b3-4b6d-b616-cb7693302189] INFO  o.eclipse.m2e.core.internal.Bundles - 	Entry: C:\Users\Sandeep\.p2\pool\plugins\com.google.guava_33.3.1.jre.jar
2024-12-11 14:24:55,981 [Worker-5: Launching mavenrun-80d476b6-52b3-4b6d-b616-cb7693302189] INFO  o.eclipse.m2e.core.internal.Bundles - getClasspathEntries(Bundle=slf4j.api_2.0.16 [1007])
2024-12-11 14:24:55,982 [Worker-5: Launching mavenrun-80d476b6-52b3-4b6d-b616-cb7693302189] INFO  o.eclipse.m2e.core.internal.Bundles - 	Entry: C:\Users\Sandeep\.p2\pool\plugins\slf4j.api_2.0.16.jar
2024-12-11 14:24:55,982 [Worker-5: Launching mavenrun-80d476b6-52b3-4b6d-b616-cb7693302189] INFO  o.eclipse.m2e.core.internal.Bundles - getClasspathEntries(Bundle=jakarta.inject.jakarta.inject-api_1.0.5 [34])
2024-12-11 14:24:55,983 [Worker-5: Launching mavenrun-80d476b6-52b3-4b6d-b616-cb7693302189] INFO  o.eclipse.m2e.core.internal.Bundles - 	Entry: C:\Users\Sandeep\.p2\pool\plugins\jakarta.inject.jakarta.inject-api_1.0.5.jar
2024-12-11 14:24:55,983 [Worker-5: Launching mavenrun-80d476b6-52b3-4b6d-b616-cb7693302189] INFO  o.eclipse.m2e.core.internal.Bundles - getClasspathEntries(Bundle=jakarta.annotation-api_1.3.5 [29])
2024-12-11 14:24:55,984 [Worker-5: Launching mavenrun-80d476b6-52b3-4b6d-b616-cb7693302189] INFO  o.eclipse.m2e.core.internal.Bundles - 	Entry: C:\Users\Sandeep\.p2\pool\plugins\jakarta.annotation-api_1.3.5.jar
2024-12-11 14:24:55,984 [Worker-5: Launching mavenrun-80d476b6-52b3-4b6d-b616-cb7693302189] INFO  o.eclipse.m2e.core.internal.Bundles - getClasspathEntries(Bundle=org.apache.commons.cli_1.9.0 [78])
2024-12-11 14:24:55,985 [Worker-5: Launching mavenrun-80d476b6-52b3-4b6d-b616-cb7693302189] INFO  o.eclipse.m2e.core.internal.Bundles - 	Entry: C:\Users\Sandeep\.p2\pool\plugins\org.apache.commons.cli_1.9.0.jar
2024-12-11 14:24:55,985 [Worker-5: Launching mavenrun-80d476b6-52b3-4b6d-b616-cb7693302189] INFO  o.eclipse.m2e.core.internal.Bundles - getClasspathEntries(Bundle=org.apache.commons.commons-codec_1.16.0 [81])
2024-12-11 14:24:55,985 [Worker-5: Launching mavenrun-80d476b6-52b3-4b6d-b616-cb7693302189] INFO  o.eclipse.m2e.core.internal.Bundles - 	Entry: C:\Users\Sandeep\.p2\pool\plugins\org.apache.commons.commons-codec_1.16.0.jar
2024-12-11 14:24:55,985 [Worker-5: Launching mavenrun-80d476b6-52b3-4b6d-b616-cb7693302189] INFO  o.eclipse.m2e.core.internal.Bundles - getClasspathEntries(Bundle=com.google.guava.failureaccess_1.0.2 [17])
2024-12-11 14:24:55,986 [Worker-5: Launching mavenrun-80d476b6-52b3-4b6d-b616-cb7693302189] INFO  o.eclipse.m2e.core.internal.Bundles - 	Entry: C:\Users\Sandeep\.p2\pool\plugins\com.google.guava.failureaccess_1.0.2.jar
2024-12-11 14:24:56,006 [Worker-5: Launching mavenrun-80d476b6-52b3-4b6d-b616-cb7693302189] INFO  o.e.m.i.launch.MavenLaunchDelegate - Run build in "C:\Users\Sandeep\AppData\Local\Temp\m2e-archetypeGenerator6883778399838740718":
2024-12-11 14:24:56,013 [Worker-5: Launching mavenrun-80d476b6-52b3-4b6d-b616-cb7693302189] INFO  o.e.m.i.launch.MavenLaunchDelegate -  mvn  -DarchetypeGroupId=org.apache.maven.archetypes -DarchetypeArtifactId=maven-archetype-quickstart -DarchetypeVersion=1.1 -DgroupId=com.hibernate -DartifactId=DemoFirst -Dversion=0.0.1-SNAPSHOT -Dpackage=com.hibernate.DemoFirst -DoutputDirectory=C:\Users\Sandeep\Desktop\BikkadIT\Hibernate\HibernateWorkspace -Dstyle.color=always -U archetype:generate
2024-12-11 14:32:12,957 [Worker-10: Creating maven-archetype-quickstart] INFO  o.e.m.c.i.p.ProjectConfigurationManager - Collecting project info '/pom.xml' C:\Users\Sandeep\Desktop\BikkadIT\Hibernate\HibernateWorkspace\DemoFirst\pom.xml
2024-12-11 14:32:14,441 [Worker-10: Creating maven-archetype-quickstart] INFO  o.e.m.c.i.l.LifecycleMappingFactory - Using org.eclipse.m2e.jdt.JarLifecycleMapping lifecycle mapping for MavenProject: com.hibernate:DemoFirst:0.0.1-SNAPSHOT @ C:\Users\Sandeep\Desktop\BikkadIT\Hibernate\HibernateWorkspace\DemoFirst\pom.xml.
2024-12-11 14:32:16,748 [Worker-10: Creating maven-archetype-quickstart] INFO  o.e.m.j.i.AbstractJavaProjectConfigurator - Adding source folder /DemoFirst/src/main/java
2024-12-11 14:32:16,756 [Worker-10: Creating maven-archetype-quickstart] INFO  o.e.m.j.i.AbstractJavaProjectConfigurator - Adding resource folder /DemoFirst/src/main/resources
2024-12-11 14:32:16,801 [Worker-10: Creating maven-archetype-quickstart] INFO  o.e.m.j.i.AbstractJavaProjectConfigurator - Adding source folder /DemoFirst/src/test/java
2024-12-11 14:32:16,804 [Worker-10: Creating maven-archetype-quickstart] INFO  o.e.m.j.i.AbstractJavaProjectConfigurator - Adding resource folder /DemoFirst/src/test/resources
2024-12-11 14:32:17,238 [Worker-10: Creating maven-archetype-quickstart] INFO  o.e.m.c.i.p.ProjectConfigurationManager - Imported and configured 1 project(s) in 4 sec
2024-12-11 14:32:17,443 [Worker-8: Updating Maven Project] INFO  o.e.m.c.i.p.ProjectConfigurationManager - Update started
2024-12-11 14:32:18,597 [Worker-8: Updating Maven Project] INFO  o.e.m.c.i.l.LifecycleMappingFactory - Using org.eclipse.m2e.jdt.JarLifecycleMapping lifecycle mapping for MavenProject: com.hibernate:DemoFirst:0.0.1-SNAPSHOT @ C:\Users\Sandeep\Desktop\BikkadIT\Hibernate\HibernateWorkspace\DemoFirst\pom.xml.
2024-12-11 14:32:19,129 [Worker-8: Updating Maven Project] INFO  o.e.m.j.i.AbstractJavaProjectConfigurator - Adding source folder /DemoFirst/src/main/java
2024-12-11 14:32:19,132 [Worker-8: Updating Maven Project] INFO  o.e.m.j.i.AbstractJavaProjectConfigurator - Adding resource folder /DemoFirst/src/main/resources
2024-12-11 14:32:19,134 [Worker-8: Updating Maven Project] INFO  o.e.m.j.i.AbstractJavaProjectConfigurator - Adding source folder /DemoFirst/src/test/java
2024-12-11 14:32:19,136 [Worker-8: Updating Maven Project] INFO  o.e.m.j.i.AbstractJavaProjectConfigurator - Adding resource folder /DemoFirst/src/test/resources
2024-12-11 14:32:19,528 [Worker-8: Updating Maven Project] INFO  o.e.m.c.i.p.ProjectConfigurationManager - Update completed for 1 poms: local refresh takes 0.00 sec, refresh facades takes 1.00 sec, update config takes 0.00 sec 
2024-12-11 14:32:20,922 [Worker-10: Building] INFO  o.a.m.s.f.DefaultMavenResourcesFiltering - skip non existing resourceDirectory C:\Users\Sandeep\Desktop\BikkadIT\Hibernate\HibernateWorkspace\DemoFirst\src\main\resources
2024-12-11 14:32:20,959 [Worker-10: Building] INFO  o.a.m.s.f.DefaultMavenResourcesFiltering - skip non existing resourceDirectory C:\Users\Sandeep\Desktop\BikkadIT\Hibernate\HibernateWorkspace\DemoFirst\src\test\resources
2024-12-11 14:33:55,964 [Worker-10: Building] INFO  o.e.m.c.i.l.LifecycleMappingFactory - Using org.eclipse.m2e.jdt.JarLifecycleMapping lifecycle mapping for MavenProject: com.hibernate:DemoFirst:0.0.1-SNAPSHOT @ C:\Users\Sandeep\Desktop\BikkadIT\Hibernate\HibernateWorkspace\DemoFirst\pom.xml.
2024-12-11 14:33:57,444 [Worker-10: Building] INFO  o.a.m.s.f.DefaultMavenResourcesFiltering - skip non existing resourceDirectory C:\Users\Sandeep\Desktop\BikkadIT\Hibernate\HibernateWorkspace\DemoFirst\src\main\resources
2024-12-11 14:33:57,453 [Worker-10: Building] INFO  o.a.m.s.f.DefaultMavenResourcesFiltering - skip non existing resourceDirectory C:\Users\Sandeep\Desktop\BikkadIT\Hibernate\HibernateWorkspace\DemoFirst\src\test\resources
2024-12-11 14:34:02,917 [Worker-5: Building] INFO  o.a.m.s.f.DefaultMavenResourcesFiltering - skip non existing resourceDirectory C:\Users\Sandeep\Desktop\BikkadIT\Hibernate\HibernateWorkspace\DemoFirst\src\main\resources
2024-12-11 14:34:02,926 [Worker-5: Building] INFO  o.a.m.s.f.DefaultMavenResourcesFiltering - skip non existing resourceDirectory C:\Users\Sandeep\Desktop\BikkadIT\Hibernate\HibernateWorkspace\DemoFirst\src\test\resources
2024-12-11 14:35:24,549 [Worker-15: Building] INFO  o.e.m.c.i.l.LifecycleMappingFactory - Using org.eclipse.m2e.jdt.JarLifecycleMapping lifecycle mapping for MavenProject: com.hibernate:DemoFirst:0.0.1-SNAPSHOT @ C:\Users\Sandeep\Desktop\BikkadIT\Hibernate\HibernateWorkspace\DemoFirst\pom.xml.
2024-12-11 14:35:25,016 [Worker-15: Building] INFO  o.a.m.s.f.DefaultMavenResourcesFiltering - skip non existing resourceDirectory C:\Users\Sandeep\Desktop\BikkadIT\Hibernate\HibernateWorkspace\DemoFirst\src\main\resources
2024-12-11 14:35:25,022 [Worker-15: Building] INFO  o.a.m.s.f.DefaultMavenResourcesFiltering - skip non existing resourceDirectory C:\Users\Sandeep\Desktop\BikkadIT\Hibernate\HibernateWorkspace\DemoFirst\src\test\resources
2024-12-11 14:36:46,559 [Worker-9: Building] INFO  o.a.m.s.f.DefaultMavenResourcesFiltering - skip non existing resourceDirectory C:\Users\Sandeep\Desktop\BikkadIT\Hibernate\HibernateWorkspace\DemoFirst\src\main\resources
2024-12-11 14:36:46,565 [Worker-9: Building] INFO  o.a.m.s.f.DefaultMavenResourcesFiltering - skip non existing resourceDirectory C:\Users\Sandeep\Desktop\BikkadIT\Hibernate\HibernateWorkspace\DemoFirst\src\test\resources
2024-12-11 14:39:49,645 [Worker-1: Building] INFO  o.a.m.s.f.DefaultMavenResourcesFiltering - skip non existing resourceDirectory C:\Users\Sandeep\Desktop\BikkadIT\Hibernate\HibernateWorkspace\DemoFirst\src\main\resources
2024-12-11 14:39:49,650 [Worker-1: Building] INFO  o.a.m.s.f.DefaultMavenResourcesFiltering - skip non existing resourceDirectory C:\Users\Sandeep\Desktop\BikkadIT\Hibernate\HibernateWorkspace\DemoFirst\src\test\resources
2024-12-11 14:40:19,528 [Worker-16: Building] INFO  o.a.m.s.f.DefaultMavenResourcesFiltering - skip non existing resourceDirectory C:\Users\Sandeep\Desktop\BikkadIT\Hibernate\HibernateWorkspace\DemoFirst\src\main\resources
2024-12-11 14:40:19,536 [Worker-16: Building] INFO  o.a.m.s.f.DefaultMavenResourcesFiltering - skip non existing resourceDirectory C:\Users\Sandeep\Desktop\BikkadIT\Hibernate\HibernateWorkspace\DemoFirst\src\test\resources
2024-12-11 14:40:22,542 [Worker-9: Building] INFO  o.a.m.s.f.DefaultMavenResourcesFiltering - skip non existing resourceDirectory C:\Users\Sandeep\Desktop\BikkadIT\Hibernate\HibernateWorkspace\DemoFirst\src\main\resources
2024-12-11 14:40:22,546 [Worker-9: Building] INFO  o.a.m.s.f.DefaultMavenResourcesFiltering - skip non existing resourceDirectory C:\Users\Sandeep\Desktop\BikkadIT\Hibernate\HibernateWorkspace\DemoFirst\src\test\resources
2024-12-11 14:50:24,144 [Worker-1: Building] INFO  o.a.m.s.f.DefaultMavenResourcesFiltering - skip non existing resourceDirectory C:\Users\Sandeep\Desktop\BikkadIT\Hibernate\HibernateWorkspace\DemoFirst\src\main\resources
2024-12-11 14:50:24,147 [Worker-1: Building] INFO  o.a.m.s.f.DefaultMavenResourcesFiltering - skip non existing resourceDirectory C:\Users\Sandeep\Desktop\BikkadIT\Hibernate\HibernateWorkspace\DemoFirst\src\test\resources
2024-12-11 14:55:31,998 [Worker-1: Building] INFO  o.a.m.s.f.DefaultMavenResourcesFiltering - skip non existing resourceDirectory C:\Users\Sandeep\Desktop\BikkadIT\Hibernate\HibernateWorkspace\DemoFirst\src\main\resources
2024-12-11 14:55:32,001 [Worker-1: Building] INFO  o.a.m.s.f.DefaultMavenResourcesFiltering - skip non existing resourceDirectory C:\Users\Sandeep\Desktop\BikkadIT\Hibernate\HibernateWorkspace\DemoFirst\src\test\resources
2024-12-11 14:55:34,172 [Worker-1: Building] INFO  o.a.m.s.f.DefaultMavenResourcesFiltering - skip non existing resourceDirectory C:\Users\Sandeep\Desktop\BikkadIT\Hibernate\HibernateWorkspace\DemoFirst\src\main\resources
2024-12-11 14:55:34,177 [Worker-1: Building] INFO  o.a.m.s.f.DefaultMavenResourcesFiltering - skip non existing resourceDirectory C:\Users\Sandeep\Desktop\BikkadIT\Hibernate\HibernateWorkspace\DemoFirst\src\test\resources
2024-12-11 14:57:07,401 [Worker-20: Building] INFO  o.a.m.s.f.DefaultMavenResourcesFiltering - skip non existing resourceDirectory C:\Users\Sandeep\Desktop\BikkadIT\Hibernate\HibernateWorkspace\DemoFirst\src\main\resources
2024-12-11 14:57:07,404 [Worker-20: Building] INFO  o.a.m.s.f.DefaultMavenResourcesFiltering - skip non existing resourceDirectory C:\Users\Sandeep\Desktop\BikkadIT\Hibernate\HibernateWorkspace\DemoFirst\src\test\resources
2024-12-11 14:57:08,517 [Worker-20: Building] INFO  o.a.m.s.f.DefaultMavenResourcesFiltering - skip non existing resourceDirectory C:\Users\Sandeep\Desktop\BikkadIT\Hibernate\HibernateWorkspace\DemoFirst\src\main\resources
2024-12-11 14:57:08,521 [Worker-20: Building] INFO  o.a.m.s.f.DefaultMavenResourcesFiltering - skip non existing resourceDirectory C:\Users\Sandeep\Desktop\BikkadIT\Hibernate\HibernateWorkspace\DemoFirst\src\test\resources
2024-12-11 14:59:40,753 [Worker-23: Building] INFO  o.a.m.s.f.DefaultMavenResourcesFiltering - skip non existing resourceDirectory C:\Users\Sandeep\Desktop\BikkadIT\Hibernate\HibernateWorkspace\DemoFirst\src\main\resources
2024-12-11 14:59:40,761 [Worker-23: Building] INFO  o.a.m.s.f.DefaultMavenResourcesFiltering - skip non existing resourceDirectory C:\Users\Sandeep\Desktop\BikkadIT\Hibernate\HibernateWorkspace\DemoFirst\src\test\resources
2024-12-11 15:00:41,428 [Worker-22: Building] INFO  o.a.m.s.f.DefaultMavenResourcesFiltering - skip non existing resourceDirectory C:\Users\Sandeep\Desktop\BikkadIT\Hibernate\HibernateWorkspace\DemoFirst\src\main\resources
2024-12-11 15:00:41,434 [Worker-22: Building] INFO  o.a.m.s.f.DefaultMavenResourcesFiltering - skip non existing resourceDirectory C:\Users\Sandeep\Desktop\BikkadIT\Hibernate\HibernateWorkspace\DemoFirst\src\test\resources
2024-12-11 17:32:42,070 [Worker-40: Building] INFO  o.a.m.s.f.DefaultMavenResourcesFiltering - skip non existing resourceDirectory C:\Users\Sandeep\Desktop\BikkadIT\Hibernate\HibernateWorkspace\DemoFirst\src\main\resources
2024-12-11 17:32:42,079 [Worker-40: Building] INFO  o.a.m.s.f.DefaultMavenResourcesFiltering - skip non existing resourceDirectory C:\Users\Sandeep\Desktop\BikkadIT\Hibernate\HibernateWorkspace\DemoFirst\src\test\resources
2024-12-11 17:32:55,926 [Worker-39: Building] INFO  o.a.m.s.f.DefaultMavenResourcesFiltering - skip non existing resourceDirectory C:\Users\Sandeep\Desktop\BikkadIT\Hibernate\HibernateWorkspace\DemoFirst\src\main\resources
2024-12-11 17:32:55,937 [Worker-39: Building] INFO  o.a.m.s.f.DefaultMavenResourcesFiltering - skip non existing resourceDirectory C:\Users\Sandeep\Desktop\BikkadIT\Hibernate\HibernateWorkspace\DemoFirst\src\test\resources
2024-12-11 17:33:16,812 [Worker-45: Building] INFO  o.a.m.s.f.DefaultMavenResourcesFiltering - skip non existing resourceDirectory C:\Users\Sandeep\Desktop\BikkadIT\Hibernate\HibernateWorkspace\DemoFirst\src\main\resources
2024-12-11 17:33:16,822 [Worker-45: Building] INFO  o.a.m.s.f.DefaultMavenResourcesFiltering - skip non existing resourceDirectory C:\Users\Sandeep\Desktop\BikkadIT\Hibernate\HibernateWorkspace\DemoFirst\src\test\resources
2024-12-11 17:33:34,593 [Worker-44: Building] INFO  o.a.m.s.f.DefaultMavenResourcesFiltering - skip non existing resourceDirectory C:\Users\Sandeep\Desktop\BikkadIT\Hibernate\HibernateWorkspace\DemoFirst\src\main\resources
2024-12-11 17:33:34,599 [Worker-44: Building] INFO  o.a.m.s.f.DefaultMavenResourcesFiltering - skip non existing resourceDirectory C:\Users\Sandeep\Desktop\BikkadIT\Hibernate\HibernateWorkspace\DemoFirst\src\test\resources
2024-12-11 17:33:44,166 [Worker-39: Building] INFO  o.a.m.s.f.DefaultMavenResourcesFiltering - skip non existing resourceDirectory C:\Users\Sandeep\Desktop\BikkadIT\Hibernate\HibernateWorkspace\DemoFirst\src\main\resources
2024-12-11 17:33:44,171 [Worker-39: Building] INFO  o.a.m.s.f.DefaultMavenResourcesFiltering - skip non existing resourceDirectory C:\Users\Sandeep\Desktop\BikkadIT\Hibernate\HibernateWorkspace\DemoFirst\src\test\resources
2024-12-11 17:37:41,720 [Worker-40: Building] INFO  o.a.m.s.f.DefaultMavenResourcesFiltering - skip non existing resourceDirectory C:\Users\Sandeep\Desktop\BikkadIT\Hibernate\HibernateWorkspace\DemoFirst\src\main\resources
2024-12-11 17:37:41,722 [Worker-40: Building] INFO  o.a.m.s.f.DefaultMavenResourcesFiltering - skip non existing resourceDirectory C:\Users\Sandeep\Desktop\BikkadIT\Hibernate\HibernateWorkspace\DemoFirst\src\test\resources
2024-12-11 17:37:43,880 [Worker-45: Building] INFO  o.a.m.s.f.DefaultMavenResourcesFiltering - skip non existing resourceDirectory C:\Users\Sandeep\Desktop\BikkadIT\Hibernate\HibernateWorkspace\DemoFirst\src\main\resources
2024-12-11 17:37:43,886 [Worker-45: Building] INFO  o.a.m.s.f.DefaultMavenResourcesFiltering - skip non existing resourceDirectory C:\Users\Sandeep\Desktop\BikkadIT\Hibernate\HibernateWorkspace\DemoFirst\src\test\resources
2024-12-11 17:38:17,361 [Worker-39: Building] INFO  o.a.m.s.f.DefaultMavenResourcesFiltering - skip non existing resourceDirectory C:\Users\Sandeep\Desktop\BikkadIT\Hibernate\HibernateWorkspace\DemoFirst\src\main\resources
2024-12-11 17:38:17,364 [Worker-39: Building] INFO  o.a.m.s.f.DefaultMavenResourcesFiltering - skip non existing resourceDirectory C:\Users\Sandeep\Desktop\BikkadIT\Hibernate\HibernateWorkspace\DemoFirst\src\test\resources
2024-12-11 17:38:50,353 [Worker-46: Building] INFO  o.a.m.s.f.DefaultMavenResourcesFiltering - skip non existing resourceDirectory C:\Users\Sandeep\Desktop\BikkadIT\Hibernate\HibernateWorkspace\DemoFirst\src\main\resources
2024-12-11 17:38:50,360 [Worker-46: Building] INFO  o.a.m.s.f.DefaultMavenResourcesFiltering - skip non existing resourceDirectory C:\Users\Sandeep\Desktop\BikkadIT\Hibernate\HibernateWorkspace\DemoFirst\src\test\resources
2024-12-11 17:39:21,778 [Worker-39: Building] INFO  o.a.m.s.f.DefaultMavenResourcesFiltering - skip non existing resourceDirectory C:\Users\Sandeep\Desktop\BikkadIT\Hibernate\HibernateWorkspace\DemoFirst\src\main\resources
2024-12-11 17:39:21,782 [Worker-39: Building] INFO  o.a.m.s.f.DefaultMavenResourcesFiltering - skip non existing resourceDirectory C:\Users\Sandeep\Desktop\BikkadIT\Hibernate\HibernateWorkspace\DemoFirst\src\test\resources
2024-12-11 17:40:23,621 [Worker-46: Building] INFO  o.a.m.s.f.DefaultMavenResourcesFiltering - skip non existing resourceDirectory C:\Users\Sandeep\Desktop\BikkadIT\Hibernate\HibernateWorkspace\DemoFirst\src\main\resources
2024-12-11 17:40:23,624 [Worker-46: Building] INFO  o.a.m.s.f.DefaultMavenResourcesFiltering - skip non existing resourceDirectory C:\Users\Sandeep\Desktop\BikkadIT\Hibernate\HibernateWorkspace\DemoFirst\src\test\resources
2024-12-11 17:40:51,975 [Worker-39: Launching InsertData] INFO  o.a.m.s.f.DefaultMavenResourcesFiltering - skip non existing resourceDirectory C:\Users\Sandeep\Desktop\BikkadIT\Hibernate\HibernateWorkspace\DemoFirst\src\main\resources
2024-12-11 17:40:51,978 [Worker-39: Launching InsertData] INFO  o.a.m.s.f.DefaultMavenResourcesFiltering - skip non existing resourceDirectory C:\Users\Sandeep\Desktop\BikkadIT\Hibernate\HibernateWorkspace\DemoFirst\src\test\resources
2024-12-11 17:41:31,557 [Worker-39: Launching InsertData] INFO  o.a.m.s.f.DefaultMavenResourcesFiltering - skip non existing resourceDirectory C:\Users\Sandeep\Desktop\BikkadIT\Hibernate\HibernateWorkspace\DemoFirst\src\main\resources
2024-12-11 17:41:31,561 [Worker-39: Launching InsertData] INFO  o.a.m.s.f.DefaultMavenResourcesFiltering - skip non existing resourceDirectory C:\Users\Sandeep\Desktop\BikkadIT\Hibernate\HibernateWorkspace\DemoFirst\src\test\resources
2024-12-11 17:41:54,122 [Worker-46: Building] INFO  o.a.m.s.f.DefaultMavenResourcesFiltering - skip non existing resourceDirectory C:\Users\Sandeep\Desktop\BikkadIT\Hibernate\HibernateWorkspace\DemoFirst\src\main\resources
2024-12-11 17:41:54,126 [Worker-46: Building] INFO  o.a.m.s.f.DefaultMavenResourcesFiltering - skip non existing resourceDirectory C:\Users\Sandeep\Desktop\BikkadIT\Hibernate\HibernateWorkspace\DemoFirst\src\test\resources
2024-12-11 17:42:54,420 [Worker-47: Launching GetData] INFO  o.a.m.s.f.DefaultMavenResourcesFiltering - skip non existing resourceDirectory C:\Users\Sandeep\Desktop\BikkadIT\Hibernate\HibernateWorkspace\DemoFirst\src\main\resources
2024-12-11 17:42:54,424 [Worker-47: Launching GetData] INFO  o.a.m.s.f.DefaultMavenResourcesFiltering - skip non existing resourceDirectory C:\Users\Sandeep\Desktop\BikkadIT\Hibernate\HibernateWorkspace\DemoFirst\src\test\resources
2024-12-11 17:43:19,830 [Worker-45: Launching GetData] INFO  o.a.m.s.f.DefaultMavenResourcesFiltering - skip non existing resourceDirectory C:\Users\Sandeep\Desktop\BikkadIT\Hibernate\HibernateWorkspace\DemoFirst\src\main\resources
2024-12-11 17:43:19,833 [Worker-45: Launching GetData] INFO  o.a.m.s.f.DefaultMavenResourcesFiltering - skip non existing resourceDirectory C:\Users\Sandeep\Desktop\BikkadIT\Hibernate\HibernateWorkspace\DemoFirst\src\test\resources
2024-12-11 17:43:30,377 [Worker-43: Building] INFO  o.a.m.s.f.DefaultMavenResourcesFiltering - skip non existing resourceDirectory C:\Users\Sandeep\Desktop\BikkadIT\Hibernate\HibernateWorkspace\DemoFirst\src\main\resources
2024-12-11 17:43:30,379 [Worker-43: Building] INFO  o.a.m.s.f.DefaultMavenResourcesFiltering - skip non existing resourceDirectory C:\Users\Sandeep\Desktop\BikkadIT\Hibernate\HibernateWorkspace\DemoFirst\src\test\resources
2024-12-11 17:49:26,847 [Worker-39: Launching UpdateData] INFO  o.a.m.s.f.DefaultMavenResourcesFiltering - skip non existing resourceDirectory C:\Users\Sandeep\Desktop\BikkadIT\Hibernate\HibernateWorkspace\DemoFirst\src\main\resources
2024-12-11 17:49:26,851 [Worker-39: Launching UpdateData] INFO  o.a.m.s.f.DefaultMavenResourcesFiltering - skip non existing resourceDirectory C:\Users\Sandeep\Desktop\BikkadIT\Hibernate\HibernateWorkspace\DemoFirst\src\test\resources
2024-12-11 17:52:41,269 [Worker-45: Building] INFO  o.a.m.s.f.DefaultMavenResourcesFiltering - skip non existing resourceDirectory C:\Users\Sandeep\Desktop\BikkadIT\Hibernate\HibernateWorkspace\DemoFirst\src\main\resources
2024-12-11 17:52:41,275 [Worker-45: Building] INFO  o.a.m.s.f.DefaultMavenResourcesFiltering - skip non existing resourceDirectory C:\Users\Sandeep\Desktop\BikkadIT\Hibernate\HibernateWorkspace\DemoFirst\src\test\resources
2024-12-11 18:04:24,940 [Worker-52: Building] INFO  o.a.m.s.f.DefaultMavenResourcesFiltering - skip non existing resourceDirectory C:\Users\Sandeep\Desktop\BikkadIT\Hibernate\HibernateWorkspace\DemoFirst\src\main\resources
2024-12-11 18:04:24,944 [Worker-52: Building] INFO  o.a.m.s.f.DefaultMavenResourcesFiltering - skip non existing resourceDirectory C:\Users\Sandeep\Desktop\BikkadIT\Hibernate\HibernateWorkspace\DemoFirst\src\test\resources
2024-12-11 18:04:39,849 [Worker-51: Building] INFO  o.a.m.s.f.DefaultMavenResourcesFiltering - skip non existing resourceDirectory C:\Users\Sandeep\Desktop\BikkadIT\Hibernate\HibernateWorkspace\DemoFirst\src\main\resources
2024-12-11 18:04:39,853 [Worker-51: Building] INFO  o.a.m.s.f.DefaultMavenResourcesFiltering - skip non existing resourceDirectory C:\Users\Sandeep\Desktop\BikkadIT\Hibernate\HibernateWorkspace\DemoFirst\src\test\resources
2024-12-11 18:05:07,293 [Worker-49: Building] INFO  o.a.m.s.f.DefaultMavenResourcesFiltering - skip non existing resourceDirectory C:\Users\Sandeep\Desktop\BikkadIT\Hibernate\HibernateWorkspace\DemoFirst\src\main\resources
2024-12-11 18:05:07,300 [Worker-49: Building] INFO  o.a.m.s.f.DefaultMavenResourcesFiltering - skip non existing resourceDirectory C:\Users\Sandeep\Desktop\BikkadIT\Hibernate\HibernateWorkspace\DemoFirst\src\test\resources
2024-12-11 18:05:28,749 [Worker-52: Building] INFO  o.a.m.s.f.DefaultMavenResourcesFiltering - skip non existing resourceDirectory C:\Users\Sandeep\Desktop\BikkadIT\Hibernate\HibernateWorkspace\DemoFirst\src\main\resources
2024-12-11 18:05:28,755 [Worker-52: Building] INFO  o.a.m.s.f.DefaultMavenResourcesFiltering - skip non existing resourceDirectory C:\Users\Sandeep\Desktop\BikkadIT\Hibernate\HibernateWorkspace\DemoFirst\src\test\resources
2024-12-11 19:03:41,154 [Worker-52: Building Workspace] INFO  o.a.m.s.f.DefaultMavenResourcesFiltering - skip non existing resourceDirectory C:\Users\Sandeep\Desktop\BikkadIT\Hibernate\HibernateWorkspace\DemoFirst\src\main\resources
2024-12-11 19:03:41,158 [Worker-52: Building Workspace] INFO  o.a.m.s.f.DefaultMavenResourcesFiltering - skip non existing resourceDirectory C:\Users\Sandeep\Desktop\BikkadIT\Hibernate\HibernateWorkspace\DemoFirst\src\test\resources
2024-12-11 19:04:07,537 [Worker-55: Building] INFO  o.a.m.s.f.DefaultMavenResourcesFiltering - skip non existing resourceDirectory C:\Users\Sandeep\Desktop\BikkadIT\Hibernate\HibernateWorkspace\DemoFirst\src\main\resources
2024-12-11 19:04:07,540 [Worker-55: Building] INFO  o.a.m.s.f.DefaultMavenResourcesFiltering - skip non existing resourceDirectory C:\Users\Sandeep\Desktop\BikkadIT\Hibernate\HibernateWorkspace\DemoFirst\src\test\resources
2024-12-11 19:04:25,083 [Worker-52: Building] INFO  o.a.m.s.f.DefaultMavenResourcesFiltering - skip non existing resourceDirectory C:\Users\Sandeep\Desktop\BikkadIT\Hibernate\HibernateWorkspace\DemoFirst\src\main\resources
2024-12-11 19:04:25,086 [Worker-52: Building] INFO  o.a.m.s.f.DefaultMavenResourcesFiltering - skip non existing resourceDirectory C:\Users\Sandeep\Desktop\BikkadIT\Hibernate\HibernateWorkspace\DemoFirst\src\test\resources
2024-12-11 19:07:55,419 [Worker-50: Building] INFO  o.a.m.s.f.DefaultMavenResourcesFiltering - skip non existing resourceDirectory C:\Users\Sandeep\Desktop\BikkadIT\Hibernate\HibernateWorkspace\DemoFirst\src\main\resources
2024-12-11 19:07:55,424 [Worker-50: Building] INFO  o.a.m.s.f.DefaultMavenResourcesFiltering - skip non existing resourceDirectory C:\Users\Sandeep\Desktop\BikkadIT\Hibernate\HibernateWorkspace\DemoFirst\src\test\resources
2024-12-11 19:08:55,336 [Worker-56: Building] INFO  o.a.m.s.f.DefaultMavenResourcesFiltering - skip non existing resourceDirectory C:\Users\Sandeep\Desktop\BikkadIT\Hibernate\HibernateWorkspace\DemoFirst\src\main\resources
2024-12-11 19:08:55,339 [Worker-56: Building] INFO  o.a.m.s.f.DefaultMavenResourcesFiltering - skip non existing resourceDirectory C:\Users\Sandeep\Desktop\BikkadIT\Hibernate\HibernateWorkspace\DemoFirst\src\test\resources
2024-12-11 19:10:28,894 [Worker-58: Building] INFO  o.a.m.s.f.DefaultMavenResourcesFiltering - skip non existing resourceDirectory C:\Users\Sandeep\Desktop\BikkadIT\Hibernate\HibernateWorkspace\DemoFirst\src\main\resources
2024-12-11 19:10:28,897 [Worker-58: Building] INFO  o.a.m.s.f.DefaultMavenResourcesFiltering - skip non existing resourceDirectory C:\Users\Sandeep\Desktop\BikkadIT\Hibernate\HibernateWorkspace\DemoFirst\src\test\resources
2024-12-11 19:20:27,687 [Worker-62: Building] INFO  o.a.m.s.f.DefaultMavenResourcesFiltering - skip non existing resourceDirectory C:\Users\Sandeep\Desktop\BikkadIT\Hibernate\HibernateWorkspace\DemoFirst\src\main\resources
2024-12-11 19:20:27,690 [Worker-62: Building] INFO  o.a.m.s.f.DefaultMavenResourcesFiltering - skip non existing resourceDirectory C:\Users\Sandeep\Desktop\BikkadIT\Hibernate\HibernateWorkspace\DemoFirst\src\test\resources
2024-12-11 19:21:20,079 [Worker-60: Building] INFO  o.a.m.s.f.DefaultMavenResourcesFiltering - skip non existing resourceDirectory C:\Users\Sandeep\Desktop\BikkadIT\Hibernate\HibernateWorkspace\DemoFirst\src\main\resources
2024-12-11 19:21:20,082 [Worker-60: Building] INFO  o.a.m.s.f.DefaultMavenResourcesFiltering - skip non existing resourceDirectory C:\Users\Sandeep\Desktop\BikkadIT\Hibernate\HibernateWorkspace\DemoFirst\src\test\resources
2024-12-11 19:21:22,512 [Worker-64: Building] INFO  o.a.m.s.f.DefaultMavenResourcesFiltering - skip non existing resourceDirectory C:\Users\Sandeep\Desktop\BikkadIT\Hibernate\HibernateWorkspace\DemoFirst\src\main\resources
2024-12-11 19:21:22,516 [Worker-64: Building] INFO  o.a.m.s.f.DefaultMavenResourcesFiltering - skip non existing resourceDirectory C:\Users\Sandeep\Desktop\BikkadIT\Hibernate\HibernateWorkspace\DemoFirst\src\test\resources
2024-12-11 19:22:27,451 [Worker-64: Building] INFO  o.a.m.s.f.DefaultMavenResourcesFiltering - skip non existing resourceDirectory C:\Users\Sandeep\Desktop\BikkadIT\Hibernate\HibernateWorkspace\DemoFirst\src\main\resources
2024-12-11 19:22:27,454 [Worker-64: Building] INFO  o.a.m.s.f.DefaultMavenResourcesFiltering - skip non existing resourceDirectory C:\Users\Sandeep\Desktop\BikkadIT\Hibernate\HibernateWorkspace\DemoFirst\src\test\resources
2024-12-11 19:25:19,085 [Worker-62: Building] INFO  o.a.m.s.f.DefaultMavenResourcesFiltering - skip non existing resourceDirectory C:\Users\Sandeep\Desktop\BikkadIT\Hibernate\HibernateWorkspace\DemoFirst\src\main\resources
2024-12-11 19:25:19,087 [Worker-62: Building] INFO  o.a.m.s.f.DefaultMavenResourcesFiltering - skip non existing resourceDirectory C:\Users\Sandeep\Desktop\BikkadIT\Hibernate\HibernateWorkspace\DemoFirst\src\test\resources
2024-12-11 19:28:29,105 [Worker-62: Launching DeleteData (1)] INFO  o.a.m.s.f.DefaultMavenResourcesFiltering - skip non existing resourceDirectory C:\Users\Sandeep\Desktop\BikkadIT\Hibernate\HibernateWorkspace\DemoFirst\src\main\resources
2024-12-11 19:28:29,108 [Worker-62: Launching DeleteData (1)] INFO  o.a.m.s.f.DefaultMavenResourcesFiltering - skip non existing resourceDirectory C:\Users\Sandeep\Desktop\BikkadIT\Hibernate\HibernateWorkspace\DemoFirst\src\test\resources
2024-12-11 19:28:49,650 [Worker-64: Building] INFO  o.a.m.s.f.DefaultMavenResourcesFiltering - skip non existing resourceDirectory C:\Users\Sandeep\Desktop\BikkadIT\Hibernate\HibernateWorkspace\DemoFirst\src\main\resources
2024-12-11 19:28:49,654 [Worker-64: Building] INFO  o.a.m.s.f.DefaultMavenResourcesFiltering - skip non existing resourceDirectory C:\Users\Sandeep\Desktop\BikkadIT\Hibernate\HibernateWorkspace\DemoFirst\src\test\resources
2024-12-11 21:32:41,368 [Worker-79: Building] INFO  o.a.m.s.f.DefaultMavenResourcesFiltering - skip non existing resourceDirectory C:\Users\Sandeep\Desktop\BikkadIT\Hibernate\HibernateWorkspace\DemoFirst\src\main\resources
2024-12-11 21:32:41,385 [Worker-79: Building] INFO  o.a.m.s.f.DefaultMavenResourcesFiltering - skip non existing resourceDirectory C:\Users\Sandeep\Desktop\BikkadIT\Hibernate\HibernateWorkspace\DemoFirst\src\test\resources
2024-12-11 21:35:56,169 [Worker-83: Building] INFO  o.a.m.s.f.DefaultMavenResourcesFiltering - skip non existing resourceDirectory C:\Users\Sandeep\Desktop\BikkadIT\Hibernate\HibernateWorkspace\DemoFirst\src\main\resources
2024-12-11 21:35:56,176 [Worker-83: Building] INFO  o.a.m.s.f.DefaultMavenResourcesFiltering - skip non existing resourceDirectory C:\Users\Sandeep\Desktop\BikkadIT\Hibernate\HibernateWorkspace\DemoFirst\src\test\resources
2024-12-11 21:36:27,843 [Worker-79: Building] INFO  o.a.m.s.f.DefaultMavenResourcesFiltering - skip non existing resourceDirectory C:\Users\Sandeep\Desktop\BikkadIT\Hibernate\HibernateWorkspace\DemoFirst\src\main\resources
2024-12-11 21:36:27,845 [Worker-79: Building] INFO  o.a.m.s.f.DefaultMavenResourcesFiltering - skip non existing resourceDirectory C:\Users\Sandeep\Desktop\BikkadIT\Hibernate\HibernateWorkspace\DemoFirst\src\test\resources
2024-12-11 21:37:57,504 [Worker-82: Building] INFO  o.a.m.s.f.DefaultMavenResourcesFiltering - skip non existing resourceDirectory C:\Users\Sandeep\Desktop\BikkadIT\Hibernate\HibernateWorkspace\DemoFirst\src\main\resources
2024-12-11 21:37:57,507 [Worker-82: Building] INFO  o.a.m.s.f.DefaultMavenResourcesFiltering - skip non existing resourceDirectory C:\Users\Sandeep\Desktop\BikkadIT\Hibernate\HibernateWorkspace\DemoFirst\src\test\resources
2024-12-11 21:38:20,794 [Worker-79: Building] INFO  o.a.m.s.f.DefaultMavenResourcesFiltering - skip non existing resourceDirectory C:\Users\Sandeep\Desktop\BikkadIT\Hibernate\HibernateWorkspace\DemoFirst\src\main\resources
2024-12-11 21:38:20,796 [Worker-79: Building] INFO  o.a.m.s.f.DefaultMavenResourcesFiltering - skip non existing resourceDirectory C:\Users\Sandeep\Desktop\BikkadIT\Hibernate\HibernateWorkspace\DemoFirst\src\test\resources
2024-12-11 21:38:54,673 [Worker-84: Building] INFO  o.a.m.s.f.DefaultMavenResourcesFiltering - skip non existing resourceDirectory C:\Users\Sandeep\Desktop\BikkadIT\Hibernate\HibernateWorkspace\DemoFirst\src\main\resources
2024-12-11 21:38:54,677 [Worker-84: Building] INFO  o.a.m.s.f.DefaultMavenResourcesFiltering - skip non existing resourceDirectory C:\Users\Sandeep\Desktop\BikkadIT\Hibernate\HibernateWorkspace\DemoFirst\src\test\resources
2024-12-11 21:39:46,809 [Worker-79: Building] INFO  o.a.m.s.f.DefaultMavenResourcesFiltering - skip non existing resourceDirectory C:\Users\Sandeep\Desktop\BikkadIT\Hibernate\HibernateWorkspace\DemoFirst\src\main\resources
2024-12-11 21:39:46,811 [Worker-79: Building] INFO  o.a.m.s.f.DefaultMavenResourcesFiltering - skip non existing resourceDirectory C:\Users\Sandeep\Desktop\BikkadIT\Hibernate\HibernateWorkspace\DemoFirst\src\test\resources
2024-12-11 21:43:39,893 [Worker-70: Building] INFO  o.a.m.s.f.DefaultMavenResourcesFiltering - skip non existing resourceDirectory C:\Users\Sandeep\Desktop\BikkadIT\Hibernate\HibernateWorkspace\DemoFirst\src\main\resources
2024-12-11 21:43:39,895 [Worker-70: Building] INFO  o.a.m.s.f.DefaultMavenResourcesFiltering - skip non existing resourceDirectory C:\Users\Sandeep\Desktop\BikkadIT\Hibernate\HibernateWorkspace\DemoFirst\src\test\resources
2024-12-11 21:48:07,816 [Worker-79: Launching App] INFO  o.a.m.s.f.DefaultMavenResourcesFiltering - skip non existing resourceDirectory C:\Users\Sandeep\Desktop\BikkadIT\Hibernate\HibernateWorkspace\DemoFirst\src\main\resources
2024-12-11 21:48:07,820 [Worker-79: Launching App] INFO  o.a.m.s.f.DefaultMavenResourcesFiltering - skip non existing resourceDirectory C:\Users\Sandeep\Desktop\BikkadIT\Hibernate\HibernateWorkspace\DemoFirst\src\test\resources
2024-12-11 21:49:33,005 [Worker-81: Building] INFO  o.a.m.s.f.DefaultMavenResourcesFiltering - skip non existing resourceDirectory C:\Users\Sandeep\Desktop\BikkadIT\Hibernate\HibernateWorkspace\DemoFirst\src\main\resources
2024-12-11 21:49:33,008 [Worker-81: Building] INFO  o.a.m.s.f.DefaultMavenResourcesFiltering - skip non existing resourceDirectory C:\Users\Sandeep\Desktop\BikkadIT\Hibernate\HibernateWorkspace\DemoFirst\src\test\resources
2024-12-11 21:50:33,076 [Worker-79: Building] INFO  o.a.m.s.f.DefaultMavenResourcesFiltering - skip non existing resourceDirectory C:\Users\Sandeep\Desktop\BikkadIT\Hibernate\HibernateWorkspace\DemoFirst\src\main\resources
2024-12-11 21:50:33,078 [Worker-79: Building] INFO  o.a.m.s.f.DefaultMavenResourcesFiltering - skip non existing resourceDirectory C:\Users\Sandeep\Desktop\BikkadIT\Hibernate\HibernateWorkspace\DemoFirst\src\test\resources
2024-12-11 21:51:41,653 [Worker-89: Launching App] INFO  o.a.m.s.f.DefaultMavenResourcesFiltering - skip non existing resourceDirectory C:\Users\Sandeep\Desktop\BikkadIT\Hibernate\HibernateWorkspace\DemoFirst\src\main\resources
2024-12-11 21:51:41,667 [Worker-89: Launching App] INFO  o.a.m.s.f.DefaultMavenResourcesFiltering - skip non existing resourceDirectory C:\Users\Sandeep\Desktop\BikkadIT\Hibernate\HibernateWorkspace\DemoFirst\src\test\resources
2024-12-11 21:52:39,291 [Worker-88: Building] INFO  o.a.m.s.f.DefaultMavenResourcesFiltering - skip non existing resourceDirectory C:\Users\Sandeep\Desktop\BikkadIT\Hibernate\HibernateWorkspace\DemoFirst\src\main\resources
2024-12-11 21:52:39,294 [Worker-88: Building] INFO  o.a.m.s.f.DefaultMavenResourcesFiltering - skip non existing resourceDirectory C:\Users\Sandeep\Desktop\BikkadIT\Hibernate\HibernateWorkspace\DemoFirst\src\test\resources
2024-12-11 21:52:42,083 [Worker-88: Launching App] INFO  o.a.m.s.f.DefaultMavenResourcesFiltering - skip non existing resourceDirectory C:\Users\Sandeep\Desktop\BikkadIT\Hibernate\HibernateWorkspace\DemoFirst\src\main\resources
2024-12-11 21:52:42,087 [Worker-88: Launching App] INFO  o.a.m.s.f.DefaultMavenResourcesFiltering - skip non existing resourceDirectory C:\Users\Sandeep\Desktop\BikkadIT\Hibernate\HibernateWorkspace\DemoFirst\src\test\resources
2024-12-11 22:18:02,041 [Worker-94: Building] INFO  o.a.m.s.f.DefaultMavenResourcesFiltering - skip non existing resourceDirectory C:\Users\Sandeep\Desktop\BikkadIT\Hibernate\HibernateWorkspace\DemoFirst\src\main\resources
2024-12-11 22:18:02,043 [Worker-94: Building] INFO  o.a.m.s.f.DefaultMavenResourcesFiltering - skip non existing resourceDirectory C:\Users\Sandeep\Desktop\BikkadIT\Hibernate\HibernateWorkspace\DemoFirst\src\test\resources
2024-12-11 22:18:26,633 [Worker-93: Building] INFO  o.a.m.s.f.DefaultMavenResourcesFiltering - skip non existing resourceDirectory C:\Users\Sandeep\Desktop\BikkadIT\Hibernate\HibernateWorkspace\DemoFirst\src\main\resources
2024-12-11 22:18:26,646 [Worker-93: Building] INFO  o.a.m.s.f.DefaultMavenResourcesFiltering - skip non existing resourceDirectory C:\Users\Sandeep\Desktop\BikkadIT\Hibernate\HibernateWorkspace\DemoFirst\src\test\resources
2024-12-11 22:22:48,730 [Worker-95: Building] INFO  o.a.m.s.f.DefaultMavenResourcesFiltering - skip non existing resourceDirectory C:\Users\Sandeep\Desktop\BikkadIT\Hibernate\HibernateWorkspace\DemoFirst\src\main\resources
2024-12-11 22:22:48,732 [Worker-95: Building] INFO  o.a.m.s.f.DefaultMavenResourcesFiltering - skip non existing resourceDirectory C:\Users\Sandeep\Desktop\BikkadIT\Hibernate\HibernateWorkspace\DemoFirst\src\test\resources
2024-12-11 22:24:07,343 [Worker-79: Building] INFO  o.a.m.s.f.DefaultMavenResourcesFiltering - skip non existing resourceDirectory C:\Users\Sandeep\Desktop\BikkadIT\Hibernate\HibernateWorkspace\DemoFirst\src\main\resources
2024-12-11 22:24:07,346 [Worker-79: Building] INFO  o.a.m.s.f.DefaultMavenResourcesFiltering - skip non existing resourceDirectory C:\Users\Sandeep\Desktop\BikkadIT\Hibernate\HibernateWorkspace\DemoFirst\src\test\resources
2024-12-11 22:24:20,910 [Worker-92: Building] INFO  o.a.m.s.f.DefaultMavenResourcesFiltering - skip non existing resourceDirectory C:\Users\Sandeep\Desktop\BikkadIT\Hibernate\HibernateWorkspace\DemoFirst\src\main\resources
2024-12-11 22:24:20,913 [Worker-92: Building] INFO  o.a.m.s.f.DefaultMavenResourcesFiltering - skip non existing resourceDirectory C:\Users\Sandeep\Desktop\BikkadIT\Hibernate\HibernateWorkspace\DemoFirst\src\test\resources
2024-12-11 22:25:05,945 [Worker-95: Building] INFO  o.a.m.s.f.DefaultMavenResourcesFiltering - skip non existing resourceDirectory C:\Users\Sandeep\Desktop\BikkadIT\Hibernate\HibernateWorkspace\DemoFirst\src\main\resources
2024-12-11 22:25:05,947 [Worker-95: Building] INFO  o.a.m.s.f.DefaultMavenResourcesFiltering - skip non existing resourceDirectory C:\Users\Sandeep\Desktop\BikkadIT\Hibernate\HibernateWorkspace\DemoFirst\src\test\resources
2024-12-11 22:25:08,041 [Worker-79: Building] INFO  o.a.m.s.f.DefaultMavenResourcesFiltering - skip non existing resourceDirectory C:\Users\Sandeep\Desktop\BikkadIT\Hibernate\HibernateWorkspace\DemoFirst\src\main\resources
2024-12-11 22:25:08,045 [Worker-79: Building] INFO  o.a.m.s.f.DefaultMavenResourcesFiltering - skip non existing resourceDirectory C:\Users\Sandeep\Desktop\BikkadIT\Hibernate\HibernateWorkspace\DemoFirst\src\test\resources
2024-12-11 22:30:28,477 [Worker-93: Building] INFO  o.a.m.s.f.DefaultMavenResourcesFiltering - skip non existing resourceDirectory C:\Users\Sandeep\Desktop\BikkadIT\Hibernate\HibernateWorkspace\DemoFirst\src\main\resources
2024-12-11 22:30:28,480 [Worker-93: Building] INFO  o.a.m.s.f.DefaultMavenResourcesFiltering - skip non existing resourceDirectory C:\Users\Sandeep\Desktop\BikkadIT\Hibernate\HibernateWorkspace\DemoFirst\src\test\resources
2024-12-11 22:31:38,421 [Worker-96: Building] INFO  o.a.m.s.f.DefaultMavenResourcesFiltering - skip non existing resourceDirectory C:\Users\Sandeep\Desktop\BikkadIT\Hibernate\HibernateWorkspace\DemoFirst\src\main\resources
2024-12-11 22:31:38,423 [Worker-96: Building] INFO  o.a.m.s.f.DefaultMavenResourcesFiltering - skip non existing resourceDirectory C:\Users\Sandeep\Desktop\BikkadIT\Hibernate\HibernateWorkspace\DemoFirst\src\test\resources
2024-12-11 22:32:04,211 [Worker-92: Launching App (1)] INFO  o.a.m.s.f.DefaultMavenResourcesFiltering - skip non existing resourceDirectory C:\Users\Sandeep\Desktop\BikkadIT\Hibernate\HibernateWorkspace\DemoFirst\src\main\resources
2024-12-11 22:32:04,215 [Worker-92: Launching App (1)] INFO  o.a.m.s.f.DefaultMavenResourcesFiltering - skip non existing resourceDirectory C:\Users\Sandeep\Desktop\BikkadIT\Hibernate\HibernateWorkspace\DemoFirst\src\test\resources
2024-12-11 22:34:52,568 [Worker-92: Launching App (1)] INFO  o.a.m.s.f.DefaultMavenResourcesFiltering - skip non existing resourceDirectory C:\Users\Sandeep\Desktop\BikkadIT\Hibernate\HibernateWorkspace\DemoFirst\src\main\resources
2024-12-11 22:34:52,571 [Worker-92: Launching App (1)] INFO  o.a.m.s.f.DefaultMavenResourcesFiltering - skip non existing resourceDirectory C:\Users\Sandeep\Desktop\BikkadIT\Hibernate\HibernateWorkspace\DemoFirst\src\test\resources
2024-12-11 22:35:18,721 [Worker-94: Building] INFO  o.a.m.s.f.DefaultMavenResourcesFiltering - skip non existing resourceDirectory C:\Users\Sandeep\Desktop\BikkadIT\Hibernate\HibernateWorkspace\DemoFirst\src\main\resources
2024-12-11 22:35:18,723 [Worker-94: Building] INFO  o.a.m.s.f.DefaultMavenResourcesFiltering - skip non existing resourceDirectory C:\Users\Sandeep\Desktop\BikkadIT\Hibernate\HibernateWorkspace\DemoFirst\src\test\resources
2024-12-12 13:17:54,580 [Worker-0: Loading available Gradle versions] INFO  o.e.b.c.i.u.g.PublishedGradleVersions - Gradle version information cache is out-of-date. Trying to update.
2024-12-12 13:18:52,988 [Worker-13: Building] INFO  o.a.m.s.f.DefaultMavenResourcesFiltering - skip non existing resourceDirectory C:\Users\Sandeep\Desktop\BikkadIT\Hibernate\HibernateWorkspace\DemoFirst\src\main\resources
2024-12-12 13:18:53,001 [Worker-13: Building] INFO  o.a.m.s.f.DefaultMavenResourcesFiltering - skip non existing resourceDirectory C:\Users\Sandeep\Desktop\BikkadIT\Hibernate\HibernateWorkspace\DemoFirst\src\test\resources
2024-12-12 13:19:07,601 [Worker-2: Building] INFO  o.a.m.s.f.DefaultMavenResourcesFiltering - skip non existing resourceDirectory C:\Users\Sandeep\Desktop\BikkadIT\Hibernate\HibernateWorkspace\DemoFirst\src\main\resources
2024-12-12 13:19:07,614 [Worker-2: Building] INFO  o.a.m.s.f.DefaultMavenResourcesFiltering - skip non existing resourceDirectory C:\Users\Sandeep\Desktop\BikkadIT\Hibernate\HibernateWorkspace\DemoFirst\src\test\resources
2024-12-12 13:25:58,995 [Worker-2: Building] INFO  o.a.m.s.f.DefaultMavenResourcesFiltering - skip non existing resourceDirectory C:\Users\Sandeep\Desktop\BikkadIT\Hibernate\HibernateWorkspace\DemoFirst\src\main\resources
2024-12-12 13:25:59,005 [Worker-2: Building] INFO  o.a.m.s.f.DefaultMavenResourcesFiltering - skip non existing resourceDirectory C:\Users\Sandeep\Desktop\BikkadIT\Hibernate\HibernateWorkspace\DemoFirst\src\test\resources
2024-12-12 13:27:14,941 [Worker-11: Building] INFO  o.a.m.s.f.DefaultMavenResourcesFiltering - skip non existing resourceDirectory C:\Users\Sandeep\Desktop\BikkadIT\Hibernate\HibernateWorkspace\DemoFirst\src\main\resources
2024-12-12 13:27:14,944 [Worker-11: Building] INFO  o.a.m.s.f.DefaultMavenResourcesFiltering - skip non existing resourceDirectory C:\Users\Sandeep\Desktop\BikkadIT\Hibernate\HibernateWorkspace\DemoFirst\src\test\resources
2024-12-12 13:27:31,766 [Worker-1: Building] INFO  o.a.m.s.f.DefaultMavenResourcesFiltering - skip non existing resourceDirectory C:\Users\Sandeep\Desktop\BikkadIT\Hibernate\HibernateWorkspace\DemoFirst\src\main\resources
2024-12-12 13:27:31,777 [Worker-1: Building] INFO  o.a.m.s.f.DefaultMavenResourcesFiltering - skip non existing resourceDirectory C:\Users\Sandeep\Desktop\BikkadIT\Hibernate\HibernateWorkspace\DemoFirst\src\test\resources
2024-12-12 13:27:50,189 [Worker-9: Building] INFO  o.a.m.s.f.DefaultMavenResourcesFiltering - skip non existing resourceDirectory C:\Users\Sandeep\Desktop\BikkadIT\Hibernate\HibernateWorkspace\DemoFirst\src\main\resources
2024-12-12 13:27:50,193 [Worker-9: Building] INFO  o.a.m.s.f.DefaultMavenResourcesFiltering - skip non existing resourceDirectory C:\Users\Sandeep\Desktop\BikkadIT\Hibernate\HibernateWorkspace\DemoFirst\src\test\resources
2024-12-12 13:39:34,665 [Worker-6: Building] INFO  o.a.m.s.f.DefaultMavenResourcesFiltering - skip non existing resourceDirectory C:\Users\Sandeep\Desktop\BikkadIT\Hibernate\HibernateWorkspace\DemoFirst\src\main\resources
2024-12-12 13:39:34,668 [Worker-6: Building] INFO  o.a.m.s.f.DefaultMavenResourcesFiltering - skip non existing resourceDirectory C:\Users\Sandeep\Desktop\BikkadIT\Hibernate\HibernateWorkspace\DemoFirst\src\test\resources
2024-12-12 13:40:02,142 [Worker-7: Building] INFO  o.a.m.s.f.DefaultMavenResourcesFiltering - skip non existing resourceDirectory C:\Users\Sandeep\Desktop\BikkadIT\Hibernate\HibernateWorkspace\DemoFirst\src\main\resources
2024-12-12 13:40:02,145 [Worker-7: Building] INFO  o.a.m.s.f.DefaultMavenResourcesFiltering - skip non existing resourceDirectory C:\Users\Sandeep\Desktop\BikkadIT\Hibernate\HibernateWorkspace\DemoFirst\src\test\resources
2024-12-12 13:42:47,271 [Worker-16: Building] INFO  o.a.m.s.f.DefaultMavenResourcesFiltering - skip non existing resourceDirectory C:\Users\Sandeep\Desktop\BikkadIT\Hibernate\HibernateWorkspace\DemoFirst\src\main\resources
2024-12-12 13:42:47,275 [Worker-16: Building] INFO  o.a.m.s.f.DefaultMavenResourcesFiltering - skip non existing resourceDirectory C:\Users\Sandeep\Desktop\BikkadIT\Hibernate\HibernateWorkspace\DemoFirst\src\test\resources
2024-12-12 13:43:16,617 [Worker-7: Building] INFO  o.a.m.s.f.DefaultMavenResourcesFiltering - skip non existing resourceDirectory C:\Users\Sandeep\Desktop\BikkadIT\Hibernate\HibernateWorkspace\DemoFirst\src\main\resources
2024-12-12 13:43:16,624 [Worker-7: Building] INFO  o.a.m.s.f.DefaultMavenResourcesFiltering - skip non existing resourceDirectory C:\Users\Sandeep\Desktop\BikkadIT\Hibernate\HibernateWorkspace\DemoFirst\src\test\resources
2024-12-12 13:44:12,340 [Worker-16: Building] INFO  o.a.m.s.f.DefaultMavenResourcesFiltering - skip non existing resourceDirectory C:\Users\Sandeep\Desktop\BikkadIT\Hibernate\HibernateWorkspace\DemoFirst\src\main\resources
2024-12-12 13:44:12,346 [Worker-16: Building] INFO  o.a.m.s.f.DefaultMavenResourcesFiltering - skip non existing resourceDirectory C:\Users\Sandeep\Desktop\BikkadIT\Hibernate\HibernateWorkspace\DemoFirst\src\test\resources
2024-12-12 13:46:59,553 [Worker-15: Building] INFO  o.a.m.s.f.DefaultMavenResourcesFiltering - skip non existing resourceDirectory C:\Users\Sandeep\Desktop\BikkadIT\Hibernate\HibernateWorkspace\DemoFirst\src\main\resources
2024-12-12 13:46:59,558 [Worker-15: Building] INFO  o.a.m.s.f.DefaultMavenResourcesFiltering - skip non existing resourceDirectory C:\Users\Sandeep\Desktop\BikkadIT\Hibernate\HibernateWorkspace\DemoFirst\src\test\resources
2024-12-12 13:49:16,167 [Worker-20: Launching App (2)] INFO  o.a.m.s.f.DefaultMavenResourcesFiltering - skip non existing resourceDirectory C:\Users\Sandeep\Desktop\BikkadIT\Hibernate\HibernateWorkspace\DemoFirst\src\main\resources
2024-12-12 13:49:16,171 [Worker-20: Launching App (2)] INFO  o.a.m.s.f.DefaultMavenResourcesFiltering - skip non existing resourceDirectory C:\Users\Sandeep\Desktop\BikkadIT\Hibernate\HibernateWorkspace\DemoFirst\src\test\resources
2024-12-13 11:08:59,525 [Worker-44: Launching App (2)] INFO  o.a.m.s.f.DefaultMavenResourcesFiltering - skip non existing resourceDirectory C:\Users\Sandeep\Desktop\BikkadIT\Hibernate\HibernateWorkspace\DemoFirst\src\main\resources
2024-12-13 11:08:59,536 [Worker-44: Launching App (2)] INFO  o.a.m.s.f.DefaultMavenResourcesFiltering - skip non existing resourceDirectory C:\Users\Sandeep\Desktop\BikkadIT\Hibernate\HibernateWorkspace\DemoFirst\src\test\resources
2024-12-13 11:41:32,906 [Worker-58: Building] INFO  o.a.m.s.f.DefaultMavenResourcesFiltering - skip non existing resourceDirectory C:\Users\Sandeep\Desktop\BikkadIT\Hibernate\HibernateWorkspace\DemoFirst\src\main\resources
2024-12-13 11:41:32,911 [Worker-58: Building] INFO  o.a.m.s.f.DefaultMavenResourcesFiltering - skip non existing resourceDirectory C:\Users\Sandeep\Desktop\BikkadIT\Hibernate\HibernateWorkspace\DemoFirst\src\test\resources
2024-12-13 11:43:25,908 [Worker-60: Launching App (2)] INFO  o.a.m.s.f.DefaultMavenResourcesFiltering - skip non existing resourceDirectory C:\Users\Sandeep\Desktop\BikkadIT\Hibernate\HibernateWorkspace\DemoFirst\src\main\resources
2024-12-13 11:43:25,918 [Worker-60: Launching App (2)] INFO  o.a.m.s.f.DefaultMavenResourcesFiltering - skip non existing resourceDirectory C:\Users\Sandeep\Desktop\BikkadIT\Hibernate\HibernateWorkspace\DemoFirst\src\test\resources
2024-12-13 11:48:12,440 [Worker-60: Building] INFO  o.a.m.s.f.DefaultMavenResourcesFiltering - skip non existing resourceDirectory C:\Users\Sandeep\Desktop\BikkadIT\Hibernate\HibernateWorkspace\DemoFirst\src\main\resources
2024-12-13 11:48:12,444 [Worker-60: Building] INFO  o.a.m.s.f.DefaultMavenResourcesFiltering - skip non existing resourceDirectory C:\Users\Sandeep\Desktop\BikkadIT\Hibernate\HibernateWorkspace\DemoFirst\src\test\resources
2024-12-13 11:51:49,673 [Worker-65: Building] INFO  o.a.m.s.f.DefaultMavenResourcesFiltering - skip non existing resourceDirectory C:\Users\Sandeep\Desktop\BikkadIT\Hibernate\HibernateWorkspace\DemoFirst\src\main\resources
2024-12-13 11:51:49,677 [Worker-65: Building] INFO  o.a.m.s.f.DefaultMavenResourcesFiltering - skip non existing resourceDirectory C:\Users\Sandeep\Desktop\BikkadIT\Hibernate\HibernateWorkspace\DemoFirst\src\test\resources
2024-12-13 13:04:37,570 [Worker-79: Building] INFO  o.a.m.s.f.DefaultMavenResourcesFiltering - skip non existing resourceDirectory C:\Users\Sandeep\Desktop\BikkadIT\Hibernate\HibernateWorkspace\DemoFirst\src\main\resources
2024-12-13 13:04:37,576 [Worker-79: Building] INFO  o.a.m.s.f.DefaultMavenResourcesFiltering - skip non existing resourceDirectory C:\Users\Sandeep\Desktop\BikkadIT\Hibernate\HibernateWorkspace\DemoFirst\src\test\resources
2024-12-13 13:04:48,972 [Worker-80: Building] INFO  o.a.m.s.f.DefaultMavenResourcesFiltering - skip non existing resourceDirectory C:\Users\Sandeep\Desktop\BikkadIT\Hibernate\HibernateWorkspace\DemoFirst\src\main\resources
2024-12-13 13:04:48,981 [Worker-80: Building] INFO  o.a.m.s.f.DefaultMavenResourcesFiltering - skip non existing resourceDirectory C:\Users\Sandeep\Desktop\BikkadIT\Hibernate\HibernateWorkspace\DemoFirst\src\test\resources
2024-12-13 13:05:49,282 [Worker-74: Building] INFO  o.a.m.s.f.DefaultMavenResourcesFiltering - skip non existing resourceDirectory C:\Users\Sandeep\Desktop\BikkadIT\Hibernate\HibernateWorkspace\DemoFirst\src\main\resources
2024-12-13 13:05:49,287 [Worker-74: Building] INFO  o.a.m.s.f.DefaultMavenResourcesFiltering - skip non existing resourceDirectory C:\Users\Sandeep\Desktop\BikkadIT\Hibernate\HibernateWorkspace\DemoFirst\src\test\resources
2024-12-13 13:08:32,878 [Worker-74: Building] INFO  o.a.m.s.f.DefaultMavenResourcesFiltering - skip non existing resourceDirectory C:\Users\Sandeep\Desktop\BikkadIT\Hibernate\HibernateWorkspace\DemoFirst\src\main\resources
2024-12-13 13:08:32,882 [Worker-74: Building] INFO  o.a.m.s.f.DefaultMavenResourcesFiltering - skip non existing resourceDirectory C:\Users\Sandeep\Desktop\BikkadIT\Hibernate\HibernateWorkspace\DemoFirst\src\test\resources
2024-12-13 13:08:48,252 [Worker-80: Building] INFO  o.a.m.s.f.DefaultMavenResourcesFiltering - skip non existing resourceDirectory C:\Users\Sandeep\Desktop\BikkadIT\Hibernate\HibernateWorkspace\DemoFirst\src\main\resources
2024-12-13 13:08:48,256 [Worker-80: Building] INFO  o.a.m.s.f.DefaultMavenResourcesFiltering - skip non existing resourceDirectory C:\Users\Sandeep\Desktop\BikkadIT\Hibernate\HibernateWorkspace\DemoFirst\src\test\resources
2024-12-13 13:14:58,585 [Worker-65: Building] INFO  o.a.m.s.f.DefaultMavenResourcesFiltering - skip non existing resourceDirectory C:\Users\Sandeep\Desktop\BikkadIT\Hibernate\HibernateWorkspace\DemoFirst\src\main\resources
2024-12-13 13:14:58,589 [Worker-65: Building] INFO  o.a.m.s.f.DefaultMavenResourcesFiltering - skip non existing resourceDirectory C:\Users\Sandeep\Desktop\BikkadIT\Hibernate\HibernateWorkspace\DemoFirst\src\test\resources
2024-12-13 13:16:15,888 [Worker-82: Building] INFO  o.a.m.s.f.DefaultMavenResourcesFiltering - skip non existing resourceDirectory C:\Users\Sandeep\Desktop\BikkadIT\Hibernate\HibernateWorkspace\DemoFirst\src\main\resources
2024-12-13 13:16:15,893 [Worker-82: Building] INFO  o.a.m.s.f.DefaultMavenResourcesFiltering - skip non existing resourceDirectory C:\Users\Sandeep\Desktop\BikkadIT\Hibernate\HibernateWorkspace\DemoFirst\src\test\resources
2024-12-13 13:16:26,354 [Worker-81: Building] INFO  o.a.m.s.f.DefaultMavenResourcesFiltering - skip non existing resourceDirectory C:\Users\Sandeep\Desktop\BikkadIT\Hibernate\HibernateWorkspace\DemoFirst\src\main\resources
2024-12-13 13:16:26,360 [Worker-81: Building] INFO  o.a.m.s.f.DefaultMavenResourcesFiltering - skip non existing resourceDirectory C:\Users\Sandeep\Desktop\BikkadIT\Hibernate\HibernateWorkspace\DemoFirst\src\test\resources
2024-12-13 13:17:06,739 [Worker-79: Building] INFO  o.a.m.s.f.DefaultMavenResourcesFiltering - skip non existing resourceDirectory C:\Users\Sandeep\Desktop\BikkadIT\Hibernate\HibernateWorkspace\DemoFirst\src\main\resources
2024-12-13 13:17:06,745 [Worker-79: Building] INFO  o.a.m.s.f.DefaultMavenResourcesFiltering - skip non existing resourceDirectory C:\Users\Sandeep\Desktop\BikkadIT\Hibernate\HibernateWorkspace\DemoFirst\src\test\resources
2024-12-13 13:17:50,631 [Worker-81: Building] INFO  o.a.m.s.f.DefaultMavenResourcesFiltering - skip non existing resourceDirectory C:\Users\Sandeep\Desktop\BikkadIT\Hibernate\HibernateWorkspace\DemoFirst\src\main\resources
2024-12-13 13:17:50,634 [Worker-81: Building] INFO  o.a.m.s.f.DefaultMavenResourcesFiltering - skip non existing resourceDirectory C:\Users\Sandeep\Desktop\BikkadIT\Hibernate\HibernateWorkspace\DemoFirst\src\test\resources
2024-12-13 13:28:32,909 [Worker-82: Building] INFO  o.a.m.s.f.DefaultMavenResourcesFiltering - skip non existing resourceDirectory C:\Users\Sandeep\Desktop\BikkadIT\Hibernate\HibernateWorkspace\DemoFirst\src\main\resources
2024-12-13 13:28:32,913 [Worker-82: Building] INFO  o.a.m.s.f.DefaultMavenResourcesFiltering - skip non existing resourceDirectory C:\Users\Sandeep\Desktop\BikkadIT\Hibernate\HibernateWorkspace\DemoFirst\src\test\resources
2024-12-13 13:29:15,043 [Worker-80: Building] INFO  o.a.m.s.f.DefaultMavenResourcesFiltering - skip non existing resourceDirectory C:\Users\Sandeep\Desktop\BikkadIT\Hibernate\HibernateWorkspace\DemoFirst\src\main\resources
2024-12-13 13:29:15,047 [Worker-80: Building] INFO  o.a.m.s.f.DefaultMavenResourcesFiltering - skip non existing resourceDirectory C:\Users\Sandeep\Desktop\BikkadIT\Hibernate\HibernateWorkspace\DemoFirst\src\test\resources
2024-12-13 13:41:09,794 [Worker-86: Launching App (3)] INFO  o.a.m.s.f.DefaultMavenResourcesFiltering - skip non existing resourceDirectory C:\Users\Sandeep\Desktop\BikkadIT\Hibernate\HibernateWorkspace\DemoFirst\src\main\resources
2024-12-13 13:41:09,798 [Worker-86: Launching App (3)] INFO  o.a.m.s.f.DefaultMavenResourcesFiltering - skip non existing resourceDirectory C:\Users\Sandeep\Desktop\BikkadIT\Hibernate\HibernateWorkspace\DemoFirst\src\test\resources
2024-12-13 13:45:07,196 [Worker-90: Building] INFO  o.a.m.s.f.DefaultMavenResourcesFiltering - skip non existing resourceDirectory C:\Users\Sandeep\Desktop\BikkadIT\Hibernate\HibernateWorkspace\DemoFirst\src\main\resources
2024-12-13 13:45:07,203 [Worker-90: Building] INFO  o.a.m.s.f.DefaultMavenResourcesFiltering - skip non existing resourceDirectory C:\Users\Sandeep\Desktop\BikkadIT\Hibernate\HibernateWorkspace\DemoFirst\src\test\resources
2024-12-13 13:50:46,318 [Worker-97: Building] INFO  o.a.m.s.f.DefaultMavenResourcesFiltering - skip non existing resourceDirectory C:\Users\Sandeep\Desktop\BikkadIT\Hibernate\HibernateWorkspace\DemoFirst\src\main\resources
2024-12-13 13:50:46,322 [Worker-97: Building] INFO  o.a.m.s.f.DefaultMavenResourcesFiltering - skip non existing resourceDirectory C:\Users\Sandeep\Desktop\BikkadIT\Hibernate\HibernateWorkspace\DemoFirst\src\test\resources
2024-12-13 13:54:19,115 [Worker-90: Building] INFO  o.a.m.s.f.DefaultMavenResourcesFiltering - skip non existing resourceDirectory C:\Users\Sandeep\Desktop\BikkadIT\Hibernate\HibernateWorkspace\DemoFirst\src\main\resources
2024-12-13 13:54:19,119 [Worker-90: Building] INFO  o.a.m.s.f.DefaultMavenResourcesFiltering - skip non existing resourceDirectory C:\Users\Sandeep\Desktop\BikkadIT\Hibernate\HibernateWorkspace\DemoFirst\src\test\resources
2024-12-13 15:51:37,983 [Worker-102: Building] INFO  o.a.m.s.f.DefaultMavenResourcesFiltering - skip non existing resourceDirectory C:\Users\Sandeep\Desktop\BikkadIT\Hibernate\HibernateWorkspace\DemoFirst\src\main\resources
2024-12-13 15:51:37,987 [Worker-102: Building] INFO  o.a.m.s.f.DefaultMavenResourcesFiltering - skip non existing resourceDirectory C:\Users\Sandeep\Desktop\BikkadIT\Hibernate\HibernateWorkspace\DemoFirst\src\test\resources
2024-12-13 15:56:17,950 [Worker-109: Launching App (3)] INFO  o.a.m.s.f.DefaultMavenResourcesFiltering - skip non existing resourceDirectory C:\Users\Sandeep\Desktop\BikkadIT\Hibernate\HibernateWorkspace\DemoFirst\src\main\resources
2024-12-13 15:56:17,953 [Worker-109: Launching App (3)] INFO  o.a.m.s.f.DefaultMavenResourcesFiltering - skip non existing resourceDirectory C:\Users\Sandeep\Desktop\BikkadIT\Hibernate\HibernateWorkspace\DemoFirst\src\test\resources
2024-12-13 15:58:54,040 [Worker-111: Launching App (3)] INFO  o.a.m.s.f.DefaultMavenResourcesFiltering - skip non existing resourceDirectory C:\Users\Sandeep\Desktop\BikkadIT\Hibernate\HibernateWorkspace\DemoFirst\src\main\resources
2024-12-13 15:58:54,047 [Worker-111: Launching App (3)] INFO  o.a.m.s.f.DefaultMavenResourcesFiltering - skip non existing resourceDirectory C:\Users\Sandeep\Desktop\BikkadIT\Hibernate\HibernateWorkspace\DemoFirst\src\test\resources
2024-12-13 16:03:14,305 [Worker-117: Building] INFO  o.a.m.s.f.DefaultMavenResourcesFiltering - skip non existing resourceDirectory C:\Users\Sandeep\Desktop\BikkadIT\Hibernate\HibernateWorkspace\DemoFirst\src\main\resources
2024-12-13 16:03:14,309 [Worker-117: Building] INFO  o.a.m.s.f.DefaultMavenResourcesFiltering - skip non existing resourceDirectory C:\Users\Sandeep\Desktop\BikkadIT\Hibernate\HibernateWorkspace\DemoFirst\src\test\resources
2024-12-13 16:05:27,828 [Worker-118: Building] INFO  o.a.m.s.f.DefaultMavenResourcesFiltering - skip non existing resourceDirectory C:\Users\Sandeep\Desktop\BikkadIT\Hibernate\HibernateWorkspace\DemoFirst\src\main\resources
2024-12-13 16:05:27,832 [Worker-118: Building] INFO  o.a.m.s.f.DefaultMavenResourcesFiltering - skip non existing resourceDirectory C:\Users\Sandeep\Desktop\BikkadIT\Hibernate\HibernateWorkspace\DemoFirst\src\test\resources
2024-12-13 16:08:12,930 [Worker-117: Building] INFO  o.a.m.s.f.DefaultMavenResourcesFiltering - skip non existing resourceDirectory C:\Users\Sandeep\Desktop\BikkadIT\Hibernate\HibernateWorkspace\DemoFirst\src\main\resources
2024-12-13 16:08:12,933 [Worker-117: Building] INFO  o.a.m.s.f.DefaultMavenResourcesFiltering - skip non existing resourceDirectory C:\Users\Sandeep\Desktop\BikkadIT\Hibernate\HibernateWorkspace\DemoFirst\src\test\resources
2024-12-13 16:12:56,510 [Worker-125: Building] INFO  o.a.m.s.f.DefaultMavenResourcesFiltering - skip non existing resourceDirectory C:\Users\Sandeep\Desktop\BikkadIT\Hibernate\HibernateWorkspace\DemoFirst\src\main\resources
2024-12-13 16:12:56,513 [Worker-125: Building] INFO  o.a.m.s.f.DefaultMavenResourcesFiltering - skip non existing resourceDirectory C:\Users\Sandeep\Desktop\BikkadIT\Hibernate\HibernateWorkspace\DemoFirst\src\test\resources
2024-12-13 16:14:52,055 [Worker-123: Building] INFO  o.a.m.s.f.DefaultMavenResourcesFiltering - skip non existing resourceDirectory C:\Users\Sandeep\Desktop\BikkadIT\Hibernate\HibernateWorkspace\DemoFirst\src\main\resources
2024-12-13 16:14:52,059 [Worker-123: Building] INFO  o.a.m.s.f.DefaultMavenResourcesFiltering - skip non existing resourceDirectory C:\Users\Sandeep\Desktop\BikkadIT\Hibernate\HibernateWorkspace\DemoFirst\src\test\resources
2024-12-13 16:16:53,584 [Worker-128: Launching App (3)] INFO  o.a.m.s.f.DefaultMavenResourcesFiltering - skip non existing resourceDirectory C:\Users\Sandeep\Desktop\BikkadIT\Hibernate\HibernateWorkspace\DemoFirst\src\main\resources
2024-12-13 16:16:53,590 [Worker-128: Launching App (3)] INFO  o.a.m.s.f.DefaultMavenResourcesFiltering - skip non existing resourceDirectory C:\Users\Sandeep\Desktop\BikkadIT\Hibernate\HibernateWorkspace\DemoFirst\src\test\resources
2024-12-13 16:18:53,305 [Worker-130: Building] INFO  o.a.m.s.f.DefaultMavenResourcesFiltering - skip non existing resourceDirectory C:\Users\Sandeep\Desktop\BikkadIT\Hibernate\HibernateWorkspace\DemoFirst\src\main\resources
2024-12-13 16:18:53,311 [Worker-130: Building] INFO  o.a.m.s.f.DefaultMavenResourcesFiltering - skip non existing resourceDirectory C:\Users\Sandeep\Desktop\BikkadIT\Hibernate\HibernateWorkspace\DemoFirst\src\test\resources
2024-12-13 16:19:39,317 [Worker-129: Building] INFO  o.a.m.s.f.DefaultMavenResourcesFiltering - skip non existing resourceDirectory C:\Users\Sandeep\Desktop\BikkadIT\Hibernate\HibernateWorkspace\DemoFirst\src\main\resources
2024-12-13 16:19:39,320 [Worker-129: Building] INFO  o.a.m.s.f.DefaultMavenResourcesFiltering - skip non existing resourceDirectory C:\Users\Sandeep\Desktop\BikkadIT\Hibernate\HibernateWorkspace\DemoFirst\src\test\resources
2024-12-13 16:26:01,414 [Worker-131: Launching App (3)] INFO  o.a.m.s.f.DefaultMavenResourcesFiltering - skip non existing resourceDirectory C:\Users\Sandeep\Desktop\BikkadIT\Hibernate\HibernateWorkspace\DemoFirst\src\main\resources
2024-12-13 16:26:01,417 [Worker-131: Launching App (3)] INFO  o.a.m.s.f.DefaultMavenResourcesFiltering - skip non existing resourceDirectory C:\Users\Sandeep\Desktop\BikkadIT\Hibernate\HibernateWorkspace\DemoFirst\src\test\resources
2024-12-13 16:28:44,467 [Worker-132: Building] INFO  o.a.m.s.f.DefaultMavenResourcesFiltering - skip non existing resourceDirectory C:\Users\Sandeep\Desktop\BikkadIT\Hibernate\HibernateWorkspace\DemoFirst\src\main\resources
2024-12-13 16:28:44,470 [Worker-132: Building] INFO  o.a.m.s.f.DefaultMavenResourcesFiltering - skip non existing resourceDirectory C:\Users\Sandeep\Desktop\BikkadIT\Hibernate\HibernateWorkspace\DemoFirst\src\test\resources
2024-12-13 17:03:11,908 [Worker-140: Building] INFO  o.a.m.s.f.DefaultMavenResourcesFiltering - skip non existing resourceDirectory C:\Users\Sandeep\Desktop\BikkadIT\Hibernate\HibernateWorkspace\DemoFirst\src\main\resources
2024-12-13 17:03:11,912 [Worker-140: Building] INFO  o.a.m.s.f.DefaultMavenResourcesFiltering - skip non existing resourceDirectory C:\Users\Sandeep\Desktop\BikkadIT\Hibernate\HibernateWorkspace\DemoFirst\src\test\resources
2024-12-13 17:03:23,221 [Worker-131: Building] INFO  o.a.m.s.f.DefaultMavenResourcesFiltering - skip non existing resourceDirectory C:\Users\Sandeep\Desktop\BikkadIT\Hibernate\HibernateWorkspace\DemoFirst\src\main\resources
2024-12-13 17:03:23,225 [Worker-131: Building] INFO  o.a.m.s.f.DefaultMavenResourcesFiltering - skip non existing resourceDirectory C:\Users\Sandeep\Desktop\BikkadIT\Hibernate\HibernateWorkspace\DemoFirst\src\test\resources
2024-12-13 17:04:18,694 [Worker-131: Building] INFO  o.a.m.s.f.DefaultMavenResourcesFiltering - skip non existing resourceDirectory C:\Users\Sandeep\Desktop\BikkadIT\Hibernate\HibernateWorkspace\DemoFirst\src\main\resources
2024-12-13 17:04:18,697 [Worker-131: Building] INFO  o.a.m.s.f.DefaultMavenResourcesFiltering - skip non existing resourceDirectory C:\Users\Sandeep\Desktop\BikkadIT\Hibernate\HibernateWorkspace\DemoFirst\src\test\resources
2024-12-13 17:04:43,120 [Worker-140: Building] INFO  o.a.m.s.f.DefaultMavenResourcesFiltering - skip non existing resourceDirectory C:\Users\Sandeep\Desktop\BikkadIT\Hibernate\HibernateWorkspace\DemoFirst\src\main\resources
2024-12-13 17:04:43,124 [Worker-140: Building] INFO  o.a.m.s.f.DefaultMavenResourcesFiltering - skip non existing resourceDirectory C:\Users\Sandeep\Desktop\BikkadIT\Hibernate\HibernateWorkspace\DemoFirst\src\test\resources
2024-12-13 17:05:20,635 [Worker-140: Building] INFO  o.a.m.s.f.DefaultMavenResourcesFiltering - skip non existing resourceDirectory C:\Users\Sandeep\Desktop\BikkadIT\Hibernate\HibernateWorkspace\DemoFirst\src\main\resources
2024-12-13 17:05:20,637 [Worker-140: Building] INFO  o.a.m.s.f.DefaultMavenResourcesFiltering - skip non existing resourceDirectory C:\Users\Sandeep\Desktop\BikkadIT\Hibernate\HibernateWorkspace\DemoFirst\src\test\resources
2024-12-13 17:06:00,317 [Worker-140: Building] INFO  o.a.m.s.f.DefaultMavenResourcesFiltering - skip non existing resourceDirectory C:\Users\Sandeep\Desktop\BikkadIT\Hibernate\HibernateWorkspace\DemoFirst\src\main\resources
2024-12-13 17:06:00,320 [Worker-140: Building] INFO  o.a.m.s.f.DefaultMavenResourcesFiltering - skip non existing resourceDirectory C:\Users\Sandeep\Desktop\BikkadIT\Hibernate\HibernateWorkspace\DemoFirst\src\test\resources
2024-12-13 17:06:19,840 [Worker-142: Building] INFO  o.a.m.s.f.DefaultMavenResourcesFiltering - skip non existing resourceDirectory C:\Users\Sandeep\Desktop\BikkadIT\Hibernate\HibernateWorkspace\DemoFirst\src\main\resources
2024-12-13 17:06:19,844 [Worker-142: Building] INFO  o.a.m.s.f.DefaultMavenResourcesFiltering - skip non existing resourceDirectory C:\Users\Sandeep\Desktop\BikkadIT\Hibernate\HibernateWorkspace\DemoFirst\src\test\resources
2024-12-13 17:06:38,934 [Worker-144: Building] INFO  o.a.m.s.f.DefaultMavenResourcesFiltering - skip non existing resourceDirectory C:\Users\Sandeep\Desktop\BikkadIT\Hibernate\HibernateWorkspace\DemoFirst\src\main\resources
2024-12-13 17:06:38,938 [Worker-144: Building] INFO  o.a.m.s.f.DefaultMavenResourcesFiltering - skip non existing resourceDirectory C:\Users\Sandeep\Desktop\BikkadIT\Hibernate\HibernateWorkspace\DemoFirst\src\test\resources
2024-12-13 17:09:56,675 [Worker-131: Building] INFO  o.a.m.s.f.DefaultMavenResourcesFiltering - skip non existing resourceDirectory C:\Users\Sandeep\Desktop\BikkadIT\Hibernate\HibernateWorkspace\DemoFirst\src\main\resources
2024-12-13 17:09:56,678 [Worker-131: Building] INFO  o.a.m.s.f.DefaultMavenResourcesFiltering - skip non existing resourceDirectory C:\Users\Sandeep\Desktop\BikkadIT\Hibernate\HibernateWorkspace\DemoFirst\src\test\resources
2024-12-13 17:28:32,785 [Worker-147: Building] INFO  o.a.m.s.f.DefaultMavenResourcesFiltering - skip non existing resourceDirectory C:\Users\Sandeep\Desktop\BikkadIT\Hibernate\HibernateWorkspace\DemoFirst\src\main\resources
2024-12-13 17:28:32,787 [Worker-147: Building] INFO  o.a.m.s.f.DefaultMavenResourcesFiltering - skip non existing resourceDirectory C:\Users\Sandeep\Desktop\BikkadIT\Hibernate\HibernateWorkspace\DemoFirst\src\test\resources
2024-12-13 17:39:16,233 [Worker-131: Building] INFO  o.a.m.s.f.DefaultMavenResourcesFiltering - skip non existing resourceDirectory C:\Users\Sandeep\Desktop\BikkadIT\Hibernate\HibernateWorkspace\DemoFirst\src\main\resources
2024-12-13 17:39:16,236 [Worker-131: Building] INFO  o.a.m.s.f.DefaultMavenResourcesFiltering - skip non existing resourceDirectory C:\Users\Sandeep\Desktop\BikkadIT\Hibernate\HibernateWorkspace\DemoFirst\src\test\resources
2024-12-13 17:42:02,331 [Worker-151: Building] INFO  o.a.m.s.f.DefaultMavenResourcesFiltering - skip non existing resourceDirectory C:\Users\Sandeep\Desktop\BikkadIT\Hibernate\HibernateWorkspace\DemoFirst\src\main\resources
2024-12-13 17:42:02,333 [Worker-151: Building] INFO  o.a.m.s.f.DefaultMavenResourcesFiltering - skip non existing resourceDirectory C:\Users\Sandeep\Desktop\BikkadIT\Hibernate\HibernateWorkspace\DemoFirst\src\test\resources
2024-12-13 19:57:45,892 [Worker-160: Building] INFO  o.a.m.s.f.DefaultMavenResourcesFiltering - skip non existing resourceDirectory C:\Users\Sandeep\Desktop\BikkadIT\Hibernate\HibernateWorkspace\DemoFirst\src\main\resources
2024-12-13 19:57:45,949 [Worker-160: Building] INFO  o.a.m.s.f.DefaultMavenResourcesFiltering - skip non existing resourceDirectory C:\Users\Sandeep\Desktop\BikkadIT\Hibernate\HibernateWorkspace\DemoFirst\src\test\resources
2024-12-13 21:12:04,051 [Worker-0: Loading available Gradle versions] INFO  o.e.b.c.i.u.g.PublishedGradleVersions - Gradle version information cache is out-of-date. Trying to update.
2024-12-13 21:40:09,348 [Worker-20: Building] INFO  o.a.m.s.f.DefaultMavenResourcesFiltering - skip non existing resourceDirectory C:\Users\Sandeep\Desktop\BikkadIT\Hibernate\HibernateWorkspace\DemoFirst\src\main\resources
2024-12-13 21:40:09,368 [Worker-20: Building] INFO  o.a.m.s.f.DefaultMavenResourcesFiltering - skip non existing resourceDirectory C:\Users\Sandeep\Desktop\BikkadIT\Hibernate\HibernateWorkspace\DemoFirst\src\test\resources
2024-12-13 21:40:30,859 [Worker-20: Launching App (4)] INFO  o.a.m.s.f.DefaultMavenResourcesFiltering - skip non existing resourceDirectory C:\Users\Sandeep\Desktop\BikkadIT\Hibernate\HibernateWorkspace\DemoFirst\src\main\resources
2024-12-13 21:40:30,874 [Worker-20: Launching App (4)] INFO  o.a.m.s.f.DefaultMavenResourcesFiltering - skip non existing resourceDirectory C:\Users\Sandeep\Desktop\BikkadIT\Hibernate\HibernateWorkspace\DemoFirst\src\test\resources
2024-12-13 21:42:36,008 [Worker-22: Building] INFO  o.a.m.s.f.DefaultMavenResourcesFiltering - skip non existing resourceDirectory C:\Users\Sandeep\Desktop\BikkadIT\Hibernate\HibernateWorkspace\DemoFirst\src\main\resources
2024-12-13 21:42:36,018 [Worker-22: Building] INFO  o.a.m.s.f.DefaultMavenResourcesFiltering - skip non existing resourceDirectory C:\Users\Sandeep\Desktop\BikkadIT\Hibernate\HibernateWorkspace\DemoFirst\src\test\resources
2024-12-13 21:46:18,657 [Worker-24: Building] INFO  o.a.m.s.f.DefaultMavenResourcesFiltering - skip non existing resourceDirectory C:\Users\Sandeep\Desktop\BikkadIT\Hibernate\HibernateWorkspace\DemoFirst\src\main\resources
2024-12-13 21:46:18,660 [Worker-24: Building] INFO  o.a.m.s.f.DefaultMavenResourcesFiltering - skip non existing resourceDirectory C:\Users\Sandeep\Desktop\BikkadIT\Hibernate\HibernateWorkspace\DemoFirst\src\test\resources
2024-12-13 21:48:39,487 [Worker-21: Launching App (4)] INFO  o.a.m.s.f.DefaultMavenResourcesFiltering - skip non existing resourceDirectory C:\Users\Sandeep\Desktop\BikkadIT\Hibernate\HibernateWorkspace\DemoFirst\src\main\resources
2024-12-13 21:48:39,494 [Worker-21: Launching App (4)] INFO  o.a.m.s.f.DefaultMavenResourcesFiltering - skip non existing resourceDirectory C:\Users\Sandeep\Desktop\BikkadIT\Hibernate\HibernateWorkspace\DemoFirst\src\test\resources
2024-12-13 22:23:31,911 [Worker-38: Building] INFO  o.a.m.s.f.DefaultMavenResourcesFiltering - skip non existing resourceDirectory C:\Users\Sandeep\Desktop\BikkadIT\Hibernate\HibernateWorkspace\DemoFirst\src\main\resources
2024-12-13 22:23:31,929 [Worker-38: Building] INFO  o.a.m.s.f.DefaultMavenResourcesFiltering - skip non existing resourceDirectory C:\Users\Sandeep\Desktop\BikkadIT\Hibernate\HibernateWorkspace\DemoFirst\src\test\resources
2024-12-13 22:24:08,485 [Worker-37: Building] INFO  o.a.m.s.f.DefaultMavenResourcesFiltering - skip non existing resourceDirectory C:\Users\Sandeep\Desktop\BikkadIT\Hibernate\HibernateWorkspace\DemoFirst\src\main\resources
2024-12-13 22:24:08,491 [Worker-37: Building] INFO  o.a.m.s.f.DefaultMavenResourcesFiltering - skip non existing resourceDirectory C:\Users\Sandeep\Desktop\BikkadIT\Hibernate\HibernateWorkspace\DemoFirst\src\test\resources
2024-12-13 22:26:49,447 [Worker-38: Building Workspace] INFO  o.a.m.s.f.DefaultMavenResourcesFiltering - skip non existing resourceDirectory C:\Users\Sandeep\Desktop\BikkadIT\Hibernate\HibernateWorkspace\DemoFirst\src\main\resources
2024-12-13 22:26:49,451 [Worker-38: Building Workspace] INFO  o.a.m.s.f.DefaultMavenResourcesFiltering - skip non existing resourceDirectory C:\Users\Sandeep\Desktop\BikkadIT\Hibernate\HibernateWorkspace\DemoFirst\src\test\resources
2024-12-13 22:27:21,331 [Worker-33: Building] INFO  o.a.m.s.f.DefaultMavenResourcesFiltering - skip non existing resourceDirectory C:\Users\Sandeep\Desktop\BikkadIT\Hibernate\HibernateWorkspace\DemoFirst\src\main\resources
2024-12-13 22:27:21,335 [Worker-33: Building] INFO  o.a.m.s.f.DefaultMavenResourcesFiltering - skip non existing resourceDirectory C:\Users\Sandeep\Desktop\BikkadIT\Hibernate\HibernateWorkspace\DemoFirst\src\test\resources
2024-12-13 22:28:46,014 [Worker-37: Building] INFO  o.a.m.s.f.DefaultMavenResourcesFiltering - skip non existing resourceDirectory C:\Users\Sandeep\Desktop\BikkadIT\Hibernate\HibernateWorkspace\DemoFirst\src\main\resources
2024-12-13 22:28:46,018 [Worker-37: Building] INFO  o.a.m.s.f.DefaultMavenResourcesFiltering - skip non existing resourceDirectory C:\Users\Sandeep\Desktop\BikkadIT\Hibernate\HibernateWorkspace\DemoFirst\src\test\resources
2024-12-13 22:31:41,780 [Worker-36: Launching App (5)] INFO  o.a.m.s.f.DefaultMavenResourcesFiltering - skip non existing resourceDirectory C:\Users\Sandeep\Desktop\BikkadIT\Hibernate\HibernateWorkspace\DemoFirst\src\main\resources
2024-12-13 22:31:41,785 [Worker-36: Launching App (5)] INFO  o.a.m.s.f.DefaultMavenResourcesFiltering - skip non existing resourceDirectory C:\Users\Sandeep\Desktop\BikkadIT\Hibernate\HibernateWorkspace\DemoFirst\src\test\resources
2024-12-13 22:33:02,845 [Worker-30: Building] INFO  o.a.m.s.f.DefaultMavenResourcesFiltering - skip non existing resourceDirectory C:\Users\Sandeep\Desktop\BikkadIT\Hibernate\HibernateWorkspace\DemoFirst\src\main\resources
2024-12-13 22:33:02,849 [Worker-30: Building] INFO  o.a.m.s.f.DefaultMavenResourcesFiltering - skip non existing resourceDirectory C:\Users\Sandeep\Desktop\BikkadIT\Hibernate\HibernateWorkspace\DemoFirst\src\test\resources
2024-12-13 22:35:29,932 [Worker-37: Building] INFO  o.a.m.s.f.DefaultMavenResourcesFiltering - skip non existing resourceDirectory C:\Users\Sandeep\Desktop\BikkadIT\Hibernate\HibernateWorkspace\DemoFirst\src\main\resources
2024-12-13 22:35:29,940 [Worker-37: Building] INFO  o.a.m.s.f.DefaultMavenResourcesFiltering - skip non existing resourceDirectory C:\Users\Sandeep\Desktop\BikkadIT\Hibernate\HibernateWorkspace\DemoFirst\src\test\resources
2024-12-13 22:35:48,611 [Worker-40: Building Workspace] INFO  o.a.m.s.f.DefaultMavenResourcesFiltering - skip non existing resourceDirectory C:\Users\Sandeep\Desktop\BikkadIT\Hibernate\HibernateWorkspace\DemoFirst\src\main\resources
2024-12-13 22:35:48,615 [Worker-40: Building Workspace] INFO  o.a.m.s.f.DefaultMavenResourcesFiltering - skip non existing resourceDirectory C:\Users\Sandeep\Desktop\BikkadIT\Hibernate\HibernateWorkspace\DemoFirst\src\test\resources
2024-12-13 22:36:01,558 [Worker-40: Building] INFO  o.a.m.s.f.DefaultMavenResourcesFiltering - skip non existing resourceDirectory C:\Users\Sandeep\Desktop\BikkadIT\Hibernate\HibernateWorkspace\DemoFirst\src\main\resources
2024-12-13 22:36:01,563 [Worker-40: Building] INFO  o.a.m.s.f.DefaultMavenResourcesFiltering - skip non existing resourceDirectory C:\Users\Sandeep\Desktop\BikkadIT\Hibernate\HibernateWorkspace\DemoFirst\src\test\resources
2024-12-13 22:37:13,316 [Worker-41: Building] INFO  o.a.m.s.f.DefaultMavenResourcesFiltering - skip non existing resourceDirectory C:\Users\Sandeep\Desktop\BikkadIT\Hibernate\HibernateWorkspace\DemoFirst\src\main\resources
2024-12-13 22:37:13,320 [Worker-41: Building] INFO  o.a.m.s.f.DefaultMavenResourcesFiltering - skip non existing resourceDirectory C:\Users\Sandeep\Desktop\BikkadIT\Hibernate\HibernateWorkspace\DemoFirst\src\test\resources
2024-12-13 22:38:16,930 [Worker-43: Launching App (5)] INFO  o.a.m.s.f.DefaultMavenResourcesFiltering - skip non existing resourceDirectory C:\Users\Sandeep\Desktop\BikkadIT\Hibernate\HibernateWorkspace\DemoFirst\src\main\resources
2024-12-13 22:38:16,936 [Worker-43: Launching App (5)] INFO  o.a.m.s.f.DefaultMavenResourcesFiltering - skip non existing resourceDirectory C:\Users\Sandeep\Desktop\BikkadIT\Hibernate\HibernateWorkspace\DemoFirst\src\test\resources
2024-12-13 22:43:06,686 [Worker-44: Launching App (5)] INFO  o.a.m.s.f.DefaultMavenResourcesFiltering - skip non existing resourceDirectory C:\Users\Sandeep\Desktop\BikkadIT\Hibernate\HibernateWorkspace\DemoFirst\src\main\resources
2024-12-13 22:43:06,690 [Worker-44: Launching App (5)] INFO  o.a.m.s.f.DefaultMavenResourcesFiltering - skip non existing resourceDirectory C:\Users\Sandeep\Desktop\BikkadIT\Hibernate\HibernateWorkspace\DemoFirst\src\test\resources
2024-12-13 22:44:06,498 [Worker-40: Launching App (5)] INFO  o.a.m.s.f.DefaultMavenResourcesFiltering - skip non existing resourceDirectory C:\Users\Sandeep\Desktop\BikkadIT\Hibernate\HibernateWorkspace\DemoFirst\src\main\resources
2024-12-13 22:44:06,501 [Worker-40: Launching App (5)] INFO  o.a.m.s.f.DefaultMavenResourcesFiltering - skip non existing resourceDirectory C:\Users\Sandeep\Desktop\BikkadIT\Hibernate\HibernateWorkspace\DemoFirst\src\test\resources
2024-12-13 22:44:54,709 [Worker-41: Building] INFO  o.a.m.s.f.DefaultMavenResourcesFiltering - skip non existing resourceDirectory C:\Users\Sandeep\Desktop\BikkadIT\Hibernate\HibernateWorkspace\DemoFirst\src\main\resources
2024-12-13 22:44:54,714 [Worker-41: Building] INFO  o.a.m.s.f.DefaultMavenResourcesFiltering - skip non existing resourceDirectory C:\Users\Sandeep\Desktop\BikkadIT\Hibernate\HibernateWorkspace\DemoFirst\src\test\resources
2024-12-13 22:46:12,214 [Worker-43: Launching App (5)] INFO  o.a.m.s.f.DefaultMavenResourcesFiltering - skip non existing resourceDirectory C:\Users\Sandeep\Desktop\BikkadIT\Hibernate\HibernateWorkspace\DemoFirst\src\main\resources
2024-12-13 22:46:12,222 [Worker-43: Launching App (5)] INFO  o.a.m.s.f.DefaultMavenResourcesFiltering - skip non existing resourceDirectory C:\Users\Sandeep\Desktop\BikkadIT\Hibernate\HibernateWorkspace\DemoFirst\src\test\resources
2024-12-13 22:48:54,528 [Worker-40: Building] INFO  o.a.m.s.f.DefaultMavenResourcesFiltering - skip non existing resourceDirectory C:\Users\Sandeep\Desktop\BikkadIT\Hibernate\HibernateWorkspace\DemoFirst\src\main\resources
2024-12-13 22:48:54,534 [Worker-40: Building] INFO  o.a.m.s.f.DefaultMavenResourcesFiltering - skip non existing resourceDirectory C:\Users\Sandeep\Desktop\BikkadIT\Hibernate\HibernateWorkspace\DemoFirst\src\test\resources
